Molecule Name: 1ENY
Test Pdb: 1ENY_Rigid_RMSD_0.000.pdb
Pocket: 5
Generations: 10
Time to Stop: 0
Space Size: 5
Point: ( -2.721 , 33.882 , 14.162 )
Local Search: False
Rotate Atoms: []

- Best Score: 1199.17897992
- Reach Best Score: 10
- RMSD: 1.75879073143
- Timer: 0:00:08.562810


* Init Population
**************************************************************************
Nodo 0
1-	[	1.376	-0.595	-0.425	1.257	3.142	1.037	 ]	score: 11109.653	 	
2-	[	None ]
3-	[	None ]
4-	[	None ]
5-	[	None ]

Nodo 1
1-	[	-2.201	-5.388	-1.709	3.299	1.759	4.555	 ]	score: 4839.309	 	
2-	[	None ]
3-	[	None ]
4-	[	None ]
5-	[	None ]

Nodo 2
1-	[	-2.391	-8.283	-5.733	3.362	2.545	3.079	 ]	score: 6978.600	 	
2-	[	None ]
3-	[	None ]
4-	[	None ]
5-	[	None ]

Nodo 3
1-	[	4.131	-8.581	-2.612	2.576	2.890	3.864	 ]	score: 6013.312	 	
2-	[	None ]
3-	[	None ]
4-	[	None ]
5-	[	None ]

Nodo 4
1-	[	0.199	-8.393	-3.565	1.005	0.031	1.602	 ]	score: 9285.255	 	
2-	[	None ]
3-	[	None ]
4-	[	None ]
5-	[	None ]

Nodo 5
1-	[	-3.023	-0.219	0.661	5.592	0.346	3.142	 ]	score: 9338.806	 	
2-	[	None ]
3-	[	None ]
4-	[	None ]
5-	[	None ]

Nodo 6
1-	[	0.543	-8.176	-7.629	1.728	2.293	5.938	 ]	score: 2612.003	 	
2-	[	None ]
3-	[	None ]
4-	[	None ]
5-	[	None ]

Nodo 7
1-	[	-1.731	-8.836	-2.922	5.843	0.251	0.754	 ]	score: 6547.019	 	
2-	[	None ]
3-	[	None ]
4-	[	None ]
5-	[	None ]

Nodo 8
1-	[	-3.364	-8.748	-2.912	4.587	2.859	0.597	 ]	score: 8818.612	 	
2-	[	None ]
3-	[	None ]
4-	[	None ]
5-	[	None ]

Nodo 9
1-	[	1.799	-3.421	-3.953	2.419	0.471	0.880	 ]	score: 4905.037	 	
2-	[	None ]
3-	[	None ]
4-	[	None ]
5-	[	None ]

Nodo 10
1-	[	0.539	-2.587	-5.327	3.204	0.723	3.362	 ]	score: 6273.917	 	
2-	[	None ]
3-	[	None ]
4-	[	None ]
5-	[	None ]

Nodo 11
1-	[	3.971	-7.485	-7.008	0.723	2.796	3.173	 ]	score: 2980.056	 	
2-	[	None ]
3-	[	None ]
4-	[	None ]
5-	[	None ]

Nodo 12
1-	[	3.588	-8.213	-5.951	2.482	2.136	4.838	 ]	score: 4971.910	 	
2-	[	None ]
3-	[	None ]
4-	[	None ]
5-	[	None ]

* Generation 1
**************************************************************************
Nodo 0
1-	[	0.543	-8.176	-7.629	4.775	1.759	5.938	 ]	score: 2020.149	 	
2-	[	1.376	-0.595	-0.425	1.257	3.142	1.037	 ]	score: 11109.653	 	
3-	[	None ]
4-	[	None ]
5-	[	None ]

Nodo 1
1-	[	1.376	-5.388	-1.709	6.283	3.142	1.037	 ]	score: 11073.727	 	
2-	[	1.376	-0.595	-0.425	1.257	3.142	1.037	 ]	score: 11109.653	 	
3-	[	None ]
4-	[	None ]
5-	[	None ]

Nodo 2
1-	[	0.673	-8.283	-5.733	0.565	2.545	0.754	 ]	score: 3959.752	 	
2-	[	-2.391	-8.283	-5.733	1.257	3.142	3.079	 ]	score: 7124.209	 	
3-	[	None ]
4-	[	None ]
5-	[	None ]

Nodo 3
1-	[	0.539	-8.581	-5.327	0.660	2.890	3.362	 ]	score: 2726.963	 	
2-	[	1.376	-0.595	-2.612	2.576	2.890	1.037	 ]	score: 7369.813	 	
3-	[	None ]
4-	[	None ]
5-	[	None ]

Nodo 4
1-	[	0.199	-8.393	-3.565	1.005	0.031	1.602	 ]	score: 9285.255	 	
2-	[	0.199	-5.388	-1.709	3.299	0.031	4.555	 ]	score: 10835.049	 	
3-	[	None ]
4-	[	None ]
5-	[	None ]

Nodo 5
1-	[	-3.023	-0.219	0.661	5.592	0.346	3.142	 ]	score: 9338.806	 	
2-	[	-3.023	-0.219	0.661	5.592	1.759	4.555	 ]	score: 13788.681	 	
3-	[	None ]
4-	[	None ]
5-	[	None ]

Nodo 6
1-	[	0.543	-8.176	-7.629	1.728	2.293	5.938	 ]	score: 2612.003	 	
2-	[	-2.201	-5.388	-1.709	3.299	1.759	4.555	 ]	score: 4839.309	 	
3-	[	None ]
4-	[	None ]
5-	[	None ]

Nodo 7
1-	[	-1.731	-8.836	-2.922	5.843	0.251	0.754	 ]	score: 6547.019	 	
2-	[	-2.391	-8.283	-5.733	3.362	2.545	3.079	 ]	score: 6978.600	 	
3-	[	None ]
4-	[	None ]
5-	[	None ]

Nodo 8
1-	[	-3.364	-8.748	-2.912	4.587	2.859	0.597	 ]	score: 8818.612	 	
2-	[	-3.364	-8.748	-5.733	3.362	2.859	3.079	 ]	score: 9841.322	 	
3-	[	None ]
4-	[	None ]
5-	[	None ]

Nodo 9
1-	[	1.799	-3.421	-3.953	2.419	0.471	0.880	 ]	score: 4905.037	 	
2-	[	1.799	-3.421	-3.953	2.419	0.471	0.880	 ]	score: 4905.037	 	
3-	[	None ]
4-	[	None ]
5-	[	None ]

Nodo 10
1-	[	4.131	-8.581	-2.612	2.576	2.890	3.864	 ]	score: 6013.312	 	
2-	[	0.539	-2.587	-5.327	3.204	0.723	3.362	 ]	score: 6273.917	 	
3-	[	None ]
4-	[	None ]
5-	[	None ]

Nodo 11
1-	[	3.971	-7.485	-7.008	0.723	2.796	3.173	 ]	score: 2980.056	 	
2-	[	4.131	-7.485	-2.612	2.576	0.911	3.173	 ]	score: 9336.133	 	
3-	[	None ]
4-	[	None ]
5-	[	None ]

Nodo 12
1-	[	3.588	-8.213	-5.951	2.482	2.136	4.838	 ]	score: 4971.910	 	
2-	[	0.472	-8.581	-2.612	2.576	2.136	4.838	 ]	score: 13369.737	 	
3-	[	None ]
4-	[	None ]
5-	[	None ]

* Generation 2
**************************************************************************
Nodo 0
1-	[	0.543	-8.176	-7.629	4.775	1.759	5.938	 ]	score: 2020.149	 	
2-	[	1.376	-0.595	-0.425	1.257	3.142	1.037	 ]	score: 11109.653	 	
3-	[	None ]
4-	[	None ]
5-	[	None ]

Nodo 1
1-	[	0.543	-8.176	-7.629	1.728	2.293	5.938	 ]	score: 2612.003	 	
2-	[	1.376	-0.595	-0.425	1.257	3.142	1.037	 ]	score: 11109.653	 	
3-	[	1.376	-0.595	-0.425	1.257	3.142	1.037	 ]	score: 11109.653	 	
4-	[	None ]
5-	[	None ]

Nodo 2
1-	[	-2.391	-3.421	-5.733	1.257	0.471	3.487	 ]	score: 3420.335	 	
2-	[	-2.391	-8.283	-5.733	1.257	3.142	3.079	 ]	score: 7124.209	 	
3-	[	4.082	-0.595	-0.425	1.257	3.142	3.079	 ]	score: 10667.545	 	
4-	[	None ]
5-	[	None ]

Nodo 3
1-	[	0.539	-8.581	-5.327	0.660	2.890	3.362	 ]	score: 2726.963	 	
2-	[	1.376	-0.595	-2.612	2.576	2.890	1.037	 ]	score: 7369.813	 	
3-	[	1.376	-0.595	-7.629	4.775	2.890	1.037	 ]	score: 7929.881	 	
4-	[	None ]
5-	[	None ]

Nodo 4
1-	[	1.376	-0.595	-3.565	1.257	3.142	2.042	 ]	score: 8310.135	 	
2-	[	0.199	-8.393	-3.565	1.005	0.031	1.602	 ]	score: 9285.255	 	
3-	[	0.199	-5.388	-1.709	3.299	0.031	4.555	 ]	score: 10835.049	 	
4-	[	None ]
5-	[	None ]

Nodo 5
1-	[	1.376	-0.219	-1.709	6.283	1.759	4.555	 ]	score: 8036.440	 	
2-	[	-3.023	-0.219	0.661	5.592	0.346	3.142	 ]	score: 9338.806	 	
3-	[	-3.023	-0.219	0.661	5.592	1.759	4.555	 ]	score: 13788.681	 	
4-	[	None ]
5-	[	None ]

Nodo 6
1-	[	-2.201	-5.388	-1.709	3.299	1.759	4.555	 ]	score: 4839.309	 	
2-	[	1.376	-5.388	-1.709	6.283	3.142	1.037	 ]	score: 11073.727	 	
3-	[	1.376	-5.388	-1.709	6.283	3.142	1.037	 ]	score: 11073.727	 	
4-	[	None ]
5-	[	None ]

Nodo 7
1-	[	-2.391	-8.283	-5.733	0.565	2.545	2.639	 ]	score: 6328.124	 	
2-	[	-1.731	-8.836	-2.922	5.843	0.251	0.754	 ]	score: 6547.019	 	
3-	[	-2.391	-8.283	-5.733	3.362	2.545	3.079	 ]	score: 6978.600	 	
4-	[	None ]
5-	[	None ]

Nodo 8
1-	[	-3.364	-8.748	-7.268	0.565	2.545	0.597	 ]	score: 5030.469	 	
2-	[	-3.364	-8.748	-2.912	4.587	2.859	0.597	 ]	score: 8818.612	 	
3-	[	-3.364	-8.748	-5.733	3.362	2.859	3.079	 ]	score: 9841.322	 	
4-	[	None ]
5-	[	None ]

Nodo 9
1-	[	0.673	-8.283	-5.733	0.565	2.545	0.754	 ]	score: 3959.752	 	
2-	[	1.799	-3.421	-3.953	2.419	0.471	0.880	 ]	score: 4905.037	 	
3-	[	1.799	-3.421	-3.953	2.419	0.471	0.880	 ]	score: 4905.037	 	
4-	[	None ]
5-	[	None ]

Nodo 10
1-	[	4.131	-8.581	-5.327	0.660	2.890	3.864	 ]	score: 5093.820	 	
2-	[	4.131	-8.581	-2.612	2.576	2.890	3.864	 ]	score: 6013.312	 	
3-	[	0.539	-2.587	-5.327	3.204	0.723	3.362	 ]	score: 6273.917	 	
4-	[	None ]
5-	[	None ]

Nodo 11
1-	[	3.971	-7.485	-7.008	0.723	2.796	3.173	 ]	score: 2980.056	 	
2-	[	3.971	-8.581	-7.008	0.660	2.890	3.173	 ]	score: 4088.335	 	
3-	[	4.131	-7.485	-2.612	2.576	0.911	3.173	 ]	score: 9336.133	 	
4-	[	None ]
5-	[	None ]

Nodo 12
1-	[	3.588	-8.213	-5.951	2.482	2.136	4.838	 ]	score: 4971.910	 	
2-	[	0.539	-8.581	-2.612	2.576	2.890	4.838	 ]	score: 8806.805	 	
3-	[	0.472	-8.581	-2.612	2.576	2.136	4.838	 ]	score: 13369.737	 	
4-	[	None ]
5-	[	None ]

* Generation 3
**************************************************************************
Nodo 0
1-	[	0.543	-8.176	-7.629	4.775	1.759	5.938	 ]	score: 2020.149	 	
2-	[	1.376	-0.595	-0.425	1.257	3.142	1.037	 ]	score: 11109.653	 	
3-	[	None ]
4-	[	None ]
5-	[	None ]

Nodo 1
1-	[	0.543	-8.176	-8.135	4.775	2.293	5.938	 ]	score: 2355.258	 	
2-	[	0.543	-8.176	-7.629	1.728	2.293	5.938	 ]	score: 2612.003	 	
3-	[	1.376	-0.595	-0.425	1.257	3.142	1.037	 ]	score: 11109.653	 	
4-	[	1.376	-0.595	-0.425	1.257	3.142	1.037	 ]	score: 11109.653	 	
5-	[	None ]

Nodo 2
1-	[	0.543	-8.176	-8.210	2.639	1.759	5.938	 ]	score: 2776.168	 	
2-	[	-2.391	-3.421	-5.733	1.257	0.471	3.487	 ]	score: 3420.335	 	
3-	[	-2.391	-8.283	-5.733	1.257	3.142	3.079	 ]	score: 7124.209	 	
4-	[	4.082	-0.595	-0.425	1.257	3.142	3.079	 ]	score: 10667.545	 	
5-	[	None ]

Nodo 3
1-	[	0.539	-8.581	-5.327	0.660	2.890	3.362	 ]	score: 2726.963	 	
2-	[	1.376	-0.595	-2.612	2.576	2.890	1.037	 ]	score: 7369.813	 	
3-	[	1.376	-0.595	-7.629	4.775	2.890	1.037	 ]	score: 7929.881	 	
4-	[	1.376	-0.595	-0.425	2.576	3.142	1.037	 ]	score: 11109.653	 	
5-	[	None ]

Nodo 4
1-	[	1.376	-0.595	-3.565	1.257	3.142	2.042	 ]	score: 8310.135	 	
2-	[	0.199	-8.393	-3.565	1.005	0.031	1.602	 ]	score: 9285.255	 	
3-	[	0.199	-5.388	-1.709	3.299	0.031	4.555	 ]	score: 10835.049	 	
4-	[	1.376	-5.388	-0.425	1.257	0.031	4.555	 ]	score: 12886.064	 	
5-	[	None ]

Nodo 5
1-	[	1.376	-0.219	-1.709	6.283	1.759	4.555	 ]	score: 8036.440	 	
2-	[	-3.023	-0.219	0.661	5.592	0.346	3.142	 ]	score: 9338.806	 	
3-	[	0.543	-8.176	0.661	5.592	1.759	5.938	 ]	score: 11738.378	 	
4-	[	-3.023	-0.219	0.661	5.592	1.759	4.555	 ]	score: 13788.681	 	
5-	[	None ]

Nodo 6
1-	[	-2.201	-5.388	-1.709	3.299	1.759	4.555	 ]	score: 4839.309	 	
2-	[	1.376	-5.388	-1.709	6.283	3.142	1.037	 ]	score: 11073.727	 	
3-	[	1.376	-5.388	-1.709	6.283	3.142	1.037	 ]	score: 11073.727	 	
4-	[	4.364	-0.595	-1.709	6.283	3.142	1.037	 ]	score: 15073.371	 	
5-	[	None ]

Nodo 7
1-	[	-2.391	-8.283	-5.733	0.565	2.545	2.639	 ]	score: 6328.124	 	
2-	[	-1.731	-8.836	-2.922	5.843	0.251	0.754	 ]	score: 6547.019	 	
3-	[	-2.391	-8.283	-5.733	3.362	2.545	3.079	 ]	score: 6978.600	 	
4-	[	-1.731	-8.836	-0.425	0.283	0.251	3.079	 ]	score: 8164.414	 	
5-	[	None ]

Nodo 8
1-	[	-3.364	-8.748	-7.268	0.565	2.545	0.597	 ]	score: 5030.469	 	
2-	[	-2.391	-8.283	-5.733	3.362	2.859	3.079	 ]	score: 7046.614	 	
3-	[	-3.364	-8.748	-2.912	4.587	2.859	0.597	 ]	score: 8818.612	 	
4-	[	-3.364	-8.748	-5.733	3.362	2.859	3.079	 ]	score: 9841.322	 	
5-	[	None ]

Nodo 9
1-	[	0.673	-8.283	-5.733	0.565	2.545	0.754	 ]	score: 3959.752	 	
2-	[	1.799	-3.421	-3.953	2.419	0.471	0.880	 ]	score: 4905.037	 	
3-	[	1.799	-3.421	-3.953	2.419	0.471	0.880	 ]	score: 4905.037	 	
4-	[	-2.391	-8.283	-5.733	1.257	3.142	3.079	 ]	score: 7124.209	 	
5-	[	None ]

Nodo 10
1-	[	4.131	-8.581	-5.327	0.660	2.890	3.864	 ]	score: 5093.820	 	
2-	[	4.131	-8.581	-2.612	2.576	2.890	3.864	 ]	score: 6013.312	 	
3-	[	0.539	-2.587	-5.327	3.204	0.723	3.362	 ]	score: 6273.917	 	
4-	[	1.376	-3.754	-5.327	3.204	2.890	1.037	 ]	score: 7932.916	 	
5-	[	None ]

Nodo 11
1-	[	3.971	-7.485	-7.008	0.723	2.796	3.173	 ]	score: 2980.056	 	
2-	[	3.971	-8.581	-7.008	0.660	2.890	3.173	 ]	score: 4088.335	 	
3-	[	1.376	-7.485	-7.008	2.576	2.890	1.037	 ]	score: 7928.979	 	
4-	[	4.131	-7.485	-2.612	2.576	0.911	3.173	 ]	score: 9336.133	 	
5-	[	None ]

Nodo 12
1-	[	0.472	-8.581	-7.029	2.576	2.890	4.838	 ]	score: 3964.506	 	
2-	[	3.588	-8.213	-5.951	2.482	2.136	4.838	 ]	score: 4971.910	 	
3-	[	0.539	-8.581	-2.612	2.576	2.890	4.838	 ]	score: 8806.805	 	
4-	[	0.472	-8.581	-2.612	2.576	2.136	4.838	 ]	score: 13369.737	 	
5-	[	None ]

* Generation 4
**************************************************************************
Nodo 0
1-	[	0.543	-8.176	-7.629	4.775	1.759	5.938	 ]	score: 2020.149	 	
2-	[	1.376	-0.595	-0.425	1.257	3.142	1.037	 ]	score: 11109.653	 	
3-	[	None ]
4-	[	None ]
5-	[	None ]

Nodo 1
1-	[	0.543	-8.176	-8.135	4.775	2.293	5.938	 ]	score: 2355.258	 	
2-	[	0.543	-8.176	-7.629	1.728	2.293	5.938	 ]	score: 2612.003	 	
3-	[	0.543	0.814	-7.629	4.775	1.759	5.938	 ]	score: 10454.261	 	
4-	[	1.376	-0.595	-0.425	1.257	3.142	1.037	 ]	score: 11109.653	 	
5-	[	1.376	-0.595	-0.425	1.257	3.142	1.037	 ]	score: 11109.653	 	

Nodo 2
1-	[	0.543	-8.176	-8.210	2.639	1.759	5.938	 ]	score: 2776.168	 	
2-	[	-2.391	-3.421	-5.733	1.257	0.471	3.487	 ]	score: 3420.335	 	
3-	[	-2.391	-8.283	-5.733	1.257	3.142	3.079	 ]	score: 7124.209	 	
4-	[	4.082	-0.595	-0.425	1.257	3.142	3.079	 ]	score: 10667.545	 	
5-	[	1.376	-0.595	-0.425	1.257	1.854	3.079	 ]	score: 11384.943	 	

Nodo 3
1-	[	0.539	-8.581	-5.327	0.660	2.890	3.362	 ]	score: 2726.963	 	
2-	[	1.376	-0.595	-2.612	2.576	2.890	1.037	 ]	score: 7369.813	 	
3-	[	1.376	-0.595	-7.629	4.775	2.890	1.037	 ]	score: 7929.881	 	
4-	[	1.376	-0.595	-6.394	4.775	2.890	1.037	 ]	score: 8627.320	 	
5-	[	1.376	-0.595	-0.425	2.576	3.142	1.037	 ]	score: 11109.653	 	

Nodo 4
1-	[	0.199	-0.595	-0.425	1.257	0.031	1.602	 ]	score: 8261.632	 	
2-	[	1.376	-0.595	-3.565	1.257	3.142	2.042	 ]	score: 8310.135	 	
3-	[	0.199	-8.393	-3.565	1.005	0.031	1.602	 ]	score: 9285.255	 	
4-	[	0.199	-5.388	-1.709	3.299	0.031	4.555	 ]	score: 10835.049	 	
5-	[	1.376	-5.388	-0.425	1.257	0.031	4.555	 ]	score: 12886.064	 	

Nodo 5
1-	[	1.376	-0.219	-1.709	6.283	1.759	4.555	 ]	score: 8036.440	 	
2-	[	-3.023	-0.219	0.661	5.592	0.346	3.142	 ]	score: 9338.806	 	
3-	[	-0.421	-0.595	-0.425	6.283	3.142	1.037	 ]	score: 9552.459	 	
4-	[	0.543	-8.176	0.661	5.592	1.759	5.938	 ]	score: 11738.378	 	
5-	[	-3.023	-0.219	0.661	5.592	1.759	4.555	 ]	score: 13788.681	 	

Nodo 6
1-	[	-2.201	-5.388	-1.709	3.299	1.759	4.555	 ]	score: 4839.309	 	
2-	[	0.916	-0.595	-0.425	0.880	3.142	1.037	 ]	score: 10611.792	 	
3-	[	1.376	-5.388	-1.709	6.283	3.142	1.037	 ]	score: 11073.727	 	
4-	[	1.376	-5.388	-1.709	6.283	3.142	1.037	 ]	score: 11073.727	 	
5-	[	4.364	-0.595	-1.709	6.283	3.142	1.037	 ]	score: 15073.371	 	

Nodo 7
1-	[	-2.391	-8.283	-5.733	0.565	2.545	2.639	 ]	score: 6328.124	 	
2-	[	-1.731	-8.836	-2.922	5.843	0.251	0.754	 ]	score: 6547.019	 	
3-	[	-2.391	-8.283	-5.733	3.362	2.545	3.079	 ]	score: 6978.600	 	
4-	[	-1.731	-8.836	-0.425	0.283	0.251	3.079	 ]	score: 8164.414	 	
5-	[	4.082	-8.836	-0.425	1.257	3.142	3.079	 ]	score: 12137.590	 	

Nodo 8
1-	[	0.543	-8.748	-7.268	0.565	2.545	5.938	 ]	score: 3089.019	 	
2-	[	-3.364	-8.748	-7.268	0.565	2.545	0.597	 ]	score: 5030.469	 	
3-	[	-2.391	-8.283	-5.733	3.362	2.859	3.079	 ]	score: 7046.614	 	
4-	[	-3.364	-8.748	-2.912	4.587	2.859	0.597	 ]	score: 8818.612	 	
5-	[	-3.364	-8.748	-5.733	3.362	2.859	3.079	 ]	score: 9841.322	 	

Nodo 9
1-	[	0.673	-8.283	-5.733	0.565	2.545	0.754	 ]	score: 3959.752	 	
2-	[	1.799	-3.421	-3.953	2.419	0.471	0.880	 ]	score: 4905.037	 	
3-	[	1.799	-3.421	-3.953	2.419	0.471	0.880	 ]	score: 4905.037	 	
4-	[	-2.391	-8.283	-5.733	1.257	3.142	3.079	 ]	score: 7124.209	 	
5-	[	0.543	-8.176	-1.187	2.419	1.759	0.880	 ]	score: 10940.749	 	

Nodo 10
1-	[	4.131	-8.581	-5.327	0.660	2.890	3.864	 ]	score: 5093.820	 	
2-	[	4.131	-8.581	-2.612	2.576	2.890	3.864	 ]	score: 6013.312	 	
3-	[	0.539	-2.587	-5.327	3.204	0.723	3.362	 ]	score: 6273.917	 	
4-	[	4.131	-8.581	-0.425	0.974	3.142	3.864	 ]	score: 7811.804	 	
5-	[	1.376	-3.754	-5.327	3.204	2.890	1.037	 ]	score: 7932.916	 	

Nodo 11
1-	[	3.971	-7.485	-7.008	0.723	2.796	3.173	 ]	score: 2980.056	 	
2-	[	3.971	-8.581	-7.008	0.660	2.890	3.173	 ]	score: 4088.335	 	
3-	[	1.376	-7.485	-7.008	2.576	2.890	1.037	 ]	score: 7928.979	 	
4-	[	4.131	-7.485	-2.612	2.576	0.911	3.173	 ]	score: 9336.133	 	
5-	[	4.131	-7.485	-2.612	2.576	0.911	1.037	 ]	score: 11253.075	 	

Nodo 12
1-	[	0.472	-8.581	-7.029	2.576	2.890	4.838	 ]	score: 3964.506	 	
2-	[	3.588	-8.213	-5.951	2.482	2.136	4.838	 ]	score: 4971.910	 	
3-	[	0.539	-8.581	-2.612	2.576	2.890	4.838	 ]	score: 8806.805	 	
4-	[	-3.009	-8.581	-0.425	2.576	2.890	1.037	 ]	score: 12925.756	 	
5-	[	0.472	-8.581	-2.612	2.576	2.136	4.838	 ]	score: 13369.737	 	

* Generation 5
**************************************************************************
Nodo 0
1-	[	1.406	-8.581	-5.327	0.660	2.890	3.362	 ]	score: 1633.709	 	
2-	[	0.543	-8.176	-7.629	4.775	1.759	5.938	 ]	score: 2020.149	 	
3-	[	1.376	-0.595	-0.425	1.257	3.142	1.037	 ]	score: 11109.653	 	
4-	[	None ]
5-	[	None ]

Nodo 1
1-	[	0.543	-8.176	-8.135	4.775	2.293	5.938	 ]	score: 2355.258	 	
2-	[	0.543	-8.176	-7.629	1.728	2.293	5.938	 ]	score: 2612.003	 	
3-	[	1.376	-8.172	-8.135	4.775	3.142	5.938	 ]	score: 4733.578	 	
4-	[	0.543	0.814	-7.629	4.775	1.759	5.938	 ]	score: 10454.261	 	
5-	[	1.376	-0.595	-0.425	1.257	3.142	1.037	 ]	score: 11109.653	 	

Nodo 2
1-	[	0.543	-8.176	-8.373	1.257	1.759	1.037	 ]	score: 2482.992	 	
2-	[	0.543	-8.176	-8.210	2.639	1.759	5.938	 ]	score: 2776.168	 	
3-	[	-2.391	-3.421	-5.733	1.257	0.471	3.487	 ]	score: 3420.335	 	
4-	[	-2.391	-8.283	-5.733	1.257	3.142	3.079	 ]	score: 7124.209	 	
5-	[	4.082	-0.595	-0.425	1.257	3.142	3.079	 ]	score: 10667.545	 	

Nodo 3
1-	[	0.543	-8.176	-7.629	4.775	1.759	5.938	 ]	score: 2020.149	 	
2-	[	1.376	-0.595	-2.612	2.576	2.890	1.037	 ]	score: 7369.813	 	
3-	[	1.376	-0.595	-7.629	4.775	2.890	1.037	 ]	score: 7929.881	 	
4-	[	1.376	-0.595	-6.394	4.775	2.890	1.037	 ]	score: 8627.320	 	
5-	[	1.376	-0.595	-6.394	1.257	3.142	1.037	 ]	score: 9155.076	 	

Nodo 4
1-	[	0.199	-8.176	-7.963	1.005	0.031	1.602	 ]	score: 7058.374	 	
2-	[	0.199	-0.595	-0.425	1.257	0.031	1.602	 ]	score: 8261.632	 	
3-	[	1.376	-0.595	-3.565	1.257	3.142	2.042	 ]	score: 8310.135	 	
4-	[	0.199	-8.393	-3.565	1.005	0.031	1.602	 ]	score: 9285.255	 	
5-	[	0.199	-5.388	-1.709	3.299	0.031	4.555	 ]	score: 10835.049	 	

Nodo 5
1-	[	0.543	-0.595	-7.629	6.283	1.759	1.037	 ]	score: 6421.436	 	
2-	[	1.376	-0.219	-1.709	6.283	1.759	4.555	 ]	score: 8036.440	 	
3-	[	-3.023	-0.219	0.661	5.592	0.346	3.142	 ]	score: 9338.806	 	
4-	[	-0.421	-0.595	-0.425	6.283	3.142	1.037	 ]	score: 9552.459	 	
5-	[	0.543	-8.176	0.661	5.592	1.759	5.938	 ]	score: 11738.378	 	

Nodo 6
1-	[	-2.201	-5.388	-1.709	3.299	1.759	4.555	 ]	score: 4839.309	 	
2-	[	0.916	-0.595	-0.425	0.880	3.142	1.037	 ]	score: 10611.792	 	
3-	[	1.376	-5.388	-1.709	6.283	3.142	1.037	 ]	score: 11073.727	 	
4-	[	1.376	-5.388	-1.709	6.283	3.142	1.037	 ]	score: 11073.727	 	
5-	[	4.364	-0.595	-7.629	4.775	3.142	1.037	 ]	score: 12750.106	 	

Nodo 7
1-	[	-3.429	-4.127	-5.733	3.362	0.471	3.613	 ]	score: 5678.553	 	
2-	[	-2.391	-8.283	-5.733	0.565	2.545	2.639	 ]	score: 6328.124	 	
3-	[	-1.731	-8.836	-2.922	5.843	0.251	0.754	 ]	score: 6547.019	 	
4-	[	-2.391	-8.283	-5.733	3.362	2.545	3.079	 ]	score: 6978.600	 	
5-	[	-1.731	-8.836	-0.425	0.283	0.251	3.079	 ]	score: 8164.414	 	

Nodo 8
1-	[	0.543	-8.748	-7.268	0.565	2.545	5.938	 ]	score: 3089.019	 	
2-	[	-3.364	-8.748	-7.268	0.565	2.545	0.597	 ]	score: 5030.469	 	
3-	[	-2.391	-8.283	-5.733	3.362	2.859	3.079	 ]	score: 7046.614	 	
4-	[	-3.364	-8.748	-2.912	4.587	2.859	0.597	 ]	score: 8818.612	 	
5-	[	4.082	-1.915	-7.268	0.565	2.105	3.079	 ]	score: 9585.480	 	

Nodo 9
1-	[	-2.391	-3.421	-5.733	1.257	0.471	3.487	 ]	score: 3420.335	 	
2-	[	0.673	-8.283	-5.733	0.565	2.545	0.754	 ]	score: 3959.752	 	
3-	[	1.799	-3.421	-3.953	2.419	0.471	0.880	 ]	score: 4905.037	 	
4-	[	1.799	-3.421	-3.953	2.419	0.471	0.880	 ]	score: 4905.037	 	
5-	[	-2.391	-8.283	-5.733	1.257	3.142	3.079	 ]	score: 7124.209	 	

Nodo 10
1-	[	4.131	-8.581	-5.327	0.660	2.890	3.864	 ]	score: 5093.820	 	
2-	[	4.131	-8.581	-2.612	2.576	2.890	3.864	 ]	score: 6013.312	 	
3-	[	0.539	-2.587	-5.327	3.204	0.723	3.362	 ]	score: 6273.917	 	
4-	[	4.131	-8.581	-0.425	0.974	3.142	3.864	 ]	score: 7811.804	 	
5-	[	1.376	-3.754	-5.327	3.204	2.890	1.037	 ]	score: 7932.916	 	

Nodo 11
1-	[	3.971	-7.485	-7.008	0.723	2.796	3.173	 ]	score: 2980.056	 	
2-	[	3.971	-8.581	-7.008	0.660	2.890	3.173	 ]	score: 4088.335	 	
3-	[	1.376	-7.485	-7.008	2.576	2.890	1.037	 ]	score: 7928.979	 	
4-	[	1.376	-7.485	-6.394	4.775	2.890	4.367	 ]	score: 8211.539	 	
5-	[	4.131	-7.485	-2.612	2.576	0.911	3.173	 ]	score: 9336.133	 	

Nodo 12
1-	[	0.539	-8.581	-5.327	0.660	2.890	3.362	 ]	score: 2726.963	 	
2-	[	0.472	-8.581	-7.029	2.576	2.890	4.838	 ]	score: 3964.506	 	
3-	[	3.588	-8.213	-5.951	2.482	2.136	4.838	 ]	score: 4971.910	 	
4-	[	0.539	-8.581	-2.612	2.576	2.890	4.838	 ]	score: 8806.805	 	
5-	[	-3.009	-8.581	-0.425	2.576	2.890	1.037	 ]	score: 12925.756	 	

* Generation 6
**************************************************************************
Nodo 0
1-	[	-1.731	-8.836	-8.373	1.257	1.759	0.754	 ]	score: 1629.208	 	
2-	[	1.406	-8.581	-5.327	0.660	2.890	3.362	 ]	score: 1633.709	 	
3-	[	0.543	-8.176	-7.629	4.775	1.759	5.938	 ]	score: 2020.149	 	
4-	[	1.376	-0.595	-0.425	1.257	3.142	1.037	 ]	score: 11109.653	 	
5-	[	None ]

Nodo 1
1-	[	0.543	-8.176	-8.135	4.775	2.293	5.938	 ]	score: 2355.258	 	
2-	[	0.543	-8.176	-7.629	1.728	2.293	5.938	 ]	score: 2612.003	 	
3-	[	0.543	-8.176	-9.082	4.775	2.293	5.938	 ]	score: 2793.880	 	
4-	[	1.376	-8.172	-8.135	4.775	3.142	5.938	 ]	score: 4733.578	 	
5-	[	0.543	0.814	-7.629	4.775	1.759	5.938	 ]	score: 10454.261	 	

Nodo 2
1-	[	1.406	-8.581	-5.327	0.660	2.890	3.362	 ]	score: 1633.709	 	
2-	[	0.543	-8.176	-8.210	2.639	1.759	5.938	 ]	score: 2776.168	 	
3-	[	-2.391	-3.421	-5.733	1.257	0.471	3.487	 ]	score: 3420.335	 	
4-	[	1.406	-8.581	-5.733	1.257	1.351	3.362	 ]	score: 5359.070	 	
5-	[	-2.391	-8.283	-5.733	1.257	3.142	3.079	 ]	score: 7124.209	 	

Nodo 3
1-	[	0.543	-8.176	-7.629	4.775	1.759	5.938	 ]	score: 2020.149	 	
2-	[	1.376	-0.595	-2.612	2.576	2.890	1.037	 ]	score: 7369.813	 	
3-	[	1.376	-0.595	-7.629	4.775	2.890	1.037	 ]	score: 7929.881	 	
4-	[	1.376	-0.595	-6.394	4.775	2.890	1.037	 ]	score: 8627.320	 	
5-	[	1.376	-0.595	-6.394	1.257	3.142	1.037	 ]	score: 9155.076	 	

Nodo 4
1-	[	0.199	-8.176	-7.963	1.005	0.031	1.602	 ]	score: 7058.374	 	
2-	[	0.199	-0.595	-0.425	1.257	0.031	1.602	 ]	score: 8261.632	 	
3-	[	1.376	-0.595	-3.565	1.257	3.142	2.042	 ]	score: 8310.135	 	
4-	[	0.199	-8.176	-0.425	4.775	2.293	5.938	 ]	score: 9216.064	 	
5-	[	0.199	-8.393	-3.565	1.005	0.031	1.602	 ]	score: 9285.255	 	

Nodo 5
1-	[	0.543	-0.595	-7.629	6.283	1.759	1.037	 ]	score: 6421.436	 	
2-	[	1.376	-0.219	-1.709	6.283	1.759	4.555	 ]	score: 8036.440	 	
3-	[	-3.023	-0.219	0.661	5.592	0.346	3.142	 ]	score: 9338.806	 	
4-	[	-0.421	-0.595	-0.425	6.283	3.142	1.037	 ]	score: 9552.459	 	
5-	[	-0.421	-0.595	-0.425	1.257	3.142	1.037	 ]	score: 9552.459	 	

Nodo 6
1-	[	-2.201	-5.388	-1.709	3.299	1.759	4.555	 ]	score: 4839.309	 	
2-	[	-2.201	-5.388	-1.709	0.503	1.759	5.938	 ]	score: 8045.117	 	
3-	[	0.916	-0.595	-0.425	0.880	3.142	1.037	 ]	score: 10611.792	 	
4-	[	1.376	-5.388	-1.709	6.283	3.142	1.037	 ]	score: 11073.727	 	
5-	[	1.376	-5.388	-1.709	6.283	3.142	1.037	 ]	score: 11073.727	 	

Nodo 7
1-	[	0.543	-8.176	-8.373	1.257	1.759	1.037	 ]	score: 2482.992	 	
2-	[	-3.429	-4.127	-5.733	3.362	0.471	3.613	 ]	score: 5678.553	 	
3-	[	-2.391	-8.283	-5.733	0.565	2.545	2.639	 ]	score: 6328.124	 	
4-	[	-1.731	-8.836	-2.922	5.843	0.251	0.754	 ]	score: 6547.019	 	
5-	[	-2.391	-8.283	-5.733	3.362	2.545	3.079	 ]	score: 6978.600	 	

Nodo 8
1-	[	0.543	-8.748	-7.268	0.565	2.545	5.938	 ]	score: 3089.019	 	
2-	[	-3.364	-8.748	-7.268	0.565	2.545	0.597	 ]	score: 5030.469	 	
3-	[	-2.391	-8.283	-5.733	3.362	2.859	3.079	 ]	score: 7046.614	 	
4-	[	-3.364	-8.748	-2.912	4.587	2.859	0.597	 ]	score: 8818.612	 	
5-	[	4.082	-1.915	-7.268	0.565	2.105	3.079	 ]	score: 9585.480	 	

Nodo 9
1-	[	-2.391	-3.421	-5.733	1.257	0.471	3.487	 ]	score: 3420.335	 	
2-	[	0.673	-8.283	-5.733	0.565	2.545	0.754	 ]	score: 3959.752	 	
3-	[	1.799	-8.283	-5.733	1.257	3.142	0.880	 ]	score: 4452.848	 	
4-	[	1.799	-3.421	-3.953	2.419	0.471	0.880	 ]	score: 4905.037	 	
5-	[	1.799	-3.421	-3.953	2.419	0.471	0.880	 ]	score: 4905.037	 	

Nodo 10
1-	[	4.131	-8.581	-5.327	0.660	2.890	3.864	 ]	score: 5093.820	 	
2-	[	4.131	-8.581	-2.612	2.576	2.890	3.864	 ]	score: 6013.312	 	
3-	[	0.539	-2.587	-5.327	3.204	0.723	3.362	 ]	score: 6273.917	 	
4-	[	4.131	-8.581	-0.425	0.974	3.142	3.864	 ]	score: 7811.804	 	
5-	[	1.376	-3.754	-5.327	3.204	2.890	1.037	 ]	score: 7932.916	 	

Nodo 11
1-	[	3.971	-7.485	-7.008	0.723	2.796	3.173	 ]	score: 2980.056	 	
2-	[	1.376	-7.485	-6.394	2.576	2.890	4.367	 ]	score: 3290.179	 	
3-	[	3.971	-8.581	-7.008	0.660	2.890	3.173	 ]	score: 4088.335	 	
4-	[	1.376	-7.485	-7.008	2.576	2.890	1.037	 ]	score: 7928.979	 	
5-	[	1.376	-7.485	-6.394	4.775	2.890	4.367	 ]	score: 8211.539	 	

Nodo 12
1-	[	0.539	-8.581	-5.327	0.660	2.890	3.362	 ]	score: 2726.963	 	
2-	[	0.472	-8.581	-7.029	2.576	2.890	4.838	 ]	score: 3964.506	 	
3-	[	0.472	-8.581	-6.394	2.576	2.890	4.838	 ]	score: 4907.481	 	
4-	[	3.588	-8.213	-5.951	2.482	2.136	4.838	 ]	score: 4971.910	 	
5-	[	0.539	-8.581	-2.612	2.576	2.890	4.838	 ]	score: 8806.805	 	

* Generation 7
**************************************************************************
Nodo 0
1-	[	-1.731	-8.836	-8.373	1.257	1.759	0.754	 ]	score: 1629.208	 	
2-	[	1.406	-8.581	-5.327	0.660	2.890	3.362	 ]	score: 1633.709	 	
3-	[	0.543	-8.176	-7.629	4.775	1.759	5.938	 ]	score: 2020.149	 	
4-	[	1.376	-0.595	-0.425	1.257	3.142	1.037	 ]	score: 11109.653	 	
5-	[	None ]

Nodo 1
1-	[	0.543	-8.176	-8.135	4.775	2.293	5.938	 ]	score: 2355.258	 	
2-	[	0.543	-8.176	-7.629	1.728	2.293	5.938	 ]	score: 2612.003	 	
3-	[	0.543	-8.176	-9.082	4.775	2.293	5.938	 ]	score: 2793.880	 	
4-	[	1.376	-8.172	-8.135	4.775	3.142	5.938	 ]	score: 4733.578	 	
5-	[	0.543	0.814	-7.629	4.775	1.759	5.938	 ]	score: 10454.261	 	

Nodo 2
1-	[	1.406	-8.581	-5.327	0.660	2.890	3.362	 ]	score: 1633.709	 	
2-	[	0.543	-8.176	-8.210	2.639	1.759	5.938	 ]	score: 2776.168	 	
3-	[	-2.391	-3.421	-5.733	1.257	0.471	3.487	 ]	score: 3420.335	 	
4-	[	1.406	-8.581	-5.733	1.257	1.351	3.362	 ]	score: 5359.070	 	
5-	[	-2.391	-8.283	-5.733	1.257	3.142	3.079	 ]	score: 7124.209	 	

Nodo 3
1-	[	0.543	-8.176	-7.629	4.775	1.759	5.938	 ]	score: 2020.149	 	
2-	[	1.376	-8.836	-8.373	1.257	2.890	1.037	 ]	score: 5030.865	 	
3-	[	1.376	-0.595	-2.612	2.576	2.890	1.037	 ]	score: 7369.813	 	
4-	[	1.376	-0.595	-7.629	4.775	2.890	1.037	 ]	score: 7929.881	 	
5-	[	1.376	-0.595	-6.394	4.775	2.890	1.037	 ]	score: 8627.320	 	

Nodo 4
1-	[	0.199	-8.176	-7.963	1.005	0.031	1.602	 ]	score: 7058.374	 	
2-	[	0.199	-0.595	-0.425	1.257	0.031	1.602	 ]	score: 8261.632	 	
3-	[	1.376	-0.595	-3.565	1.257	3.142	2.042	 ]	score: 8310.135	 	
4-	[	0.199	-8.176	-0.425	4.775	2.293	5.938	 ]	score: 9216.064	 	
5-	[	0.199	-8.393	-3.565	1.005	0.031	1.602	 ]	score: 9285.255	 	

Nodo 5
1-	[	0.543	-0.595	-7.629	6.283	1.759	1.037	 ]	score: 6421.436	 	
2-	[	1.376	-0.219	-1.709	6.283	1.759	4.555	 ]	score: 8036.440	 	
3-	[	0.543	-0.595	-7.629	6.283	2.293	5.938	 ]	score: 8145.982	 	
4-	[	-3.023	-0.219	0.661	5.592	0.346	3.142	 ]	score: 9338.806	 	
5-	[	-0.421	-0.595	-0.425	6.283	3.142	1.037	 ]	score: 9552.459	 	

Nodo 6
1-	[	-2.201	-5.388	-1.709	3.299	1.759	4.555	 ]	score: 4839.309	 	
2-	[	-2.201	-5.388	-1.709	0.503	1.759	5.938	 ]	score: 8045.117	 	
3-	[	-2.201	-1.312	-1.709	3.299	2.419	4.555	 ]	score: 9237.965	 	
4-	[	0.916	-0.595	-0.425	0.880	3.142	1.037	 ]	score: 10611.792	 	
5-	[	1.376	-5.388	-1.709	6.283	3.142	1.037	 ]	score: 11073.727	 	

Nodo 7
1-	[	0.543	-8.176	-8.373	1.257	1.759	1.037	 ]	score: 2482.992	 	
2-	[	-3.429	-4.127	-5.733	3.362	0.471	3.613	 ]	score: 5678.553	 	
3-	[	-2.391	-8.283	-5.733	0.565	2.545	2.639	 ]	score: 6328.124	 	
4-	[	-1.731	-8.836	-2.922	5.843	0.251	0.754	 ]	score: 6547.019	 	
5-	[	-2.391	-8.283	-5.733	3.362	2.545	3.079	 ]	score: 6978.600	 	

Nodo 8
1-	[	0.543	-8.748	-7.268	0.565	2.545	5.938	 ]	score: 3089.019	 	
2-	[	-3.364	-8.748	-7.268	0.565	2.545	0.597	 ]	score: 5030.469	 	
3-	[	1.247	-8.748	-7.268	1.257	2.545	3.362	 ]	score: 5448.225	 	
4-	[	-2.391	-8.283	-5.733	3.362	2.859	3.079	 ]	score: 7046.614	 	
5-	[	-3.364	-8.748	-2.912	4.587	2.859	0.597	 ]	score: 8818.612	 	

Nodo 9
1-	[	-2.391	-3.421	-5.733	1.257	0.471	3.487	 ]	score: 3420.335	 	
2-	[	0.673	-8.283	-5.733	0.565	2.545	0.754	 ]	score: 3959.752	 	
3-	[	1.799	-8.283	-5.733	1.257	3.142	0.880	 ]	score: 4452.848	 	
4-	[	1.799	-3.421	-3.953	2.419	0.471	0.880	 ]	score: 4905.037	 	
5-	[	1.799	-3.421	-3.953	2.419	0.471	0.880	 ]	score: 4905.037	 	

Nodo 10
1-	[	4.131	-8.581	-5.327	0.660	2.890	3.864	 ]	score: 5093.820	 	
2-	[	4.131	-8.581	-2.612	2.576	2.890	3.864	 ]	score: 6013.312	 	
3-	[	0.539	-2.587	-5.327	3.204	0.723	3.362	 ]	score: 6273.917	 	
4-	[	4.131	-8.581	-2.612	2.576	2.890	1.037	 ]	score: 7459.156	 	
5-	[	4.131	-8.581	-0.425	0.974	3.142	3.864	 ]	score: 7811.804	 	

Nodo 11
1-	[	3.971	-7.485	-7.008	0.723	2.796	3.173	 ]	score: 2980.056	 	
2-	[	1.376	-7.485	-6.394	2.576	2.890	4.367	 ]	score: 3290.179	 	
3-	[	3.971	-8.581	-7.008	0.660	2.890	3.173	 ]	score: 4088.335	 	
4-	[	1.376	0.891	-6.394	4.775	2.890	1.037	 ]	score: 7428.328	 	
5-	[	1.376	-7.485	-7.008	2.576	2.890	1.037	 ]	score: 7928.979	 	

Nodo 12
1-	[	0.539	-8.581	-5.327	0.660	2.890	3.362	 ]	score: 2726.963	 	
2-	[	0.472	-8.581	-7.029	2.576	2.890	4.838	 ]	score: 3964.506	 	
3-	[	0.472	-8.581	-6.394	2.576	2.890	4.838	 ]	score: 4907.481	 	
4-	[	3.588	-8.213	-5.951	2.482	2.136	4.838	 ]	score: 4971.910	 	
5-	[	0.539	-8.581	-2.612	2.576	2.890	4.838	 ]	score: 8806.805	 	

* Generation 8
**************************************************************************
Nodo 0
1-	[	-1.731	-8.836	-8.373	1.257	1.759	0.754	 ]	score: 1629.208	 	
2-	[	1.406	-8.581	-5.327	0.660	2.890	3.362	 ]	score: 1633.709	 	
3-	[	0.543	-8.176	-7.629	4.775	1.759	5.938	 ]	score: 2020.149	 	
4-	[	1.376	-0.595	-0.425	1.257	3.142	1.037	 ]	score: 11109.653	 	
5-	[	None ]

Nodo 1
1-	[	0.543	-8.176	-8.135	4.775	2.293	5.938	 ]	score: 2355.258	 	
2-	[	0.543	-8.176	-7.629	1.728	2.293	5.938	 ]	score: 2612.003	 	
3-	[	0.543	-8.176	-9.082	4.775	2.293	5.938	 ]	score: 2793.880	 	
4-	[	-1.731	-8.176	-7.629	1.257	2.293	5.938	 ]	score: 3871.151	 	
5-	[	1.376	-8.172	-8.135	4.775	3.142	5.938	 ]	score: 4733.578	 	

Nodo 2
1-	[	1.406	-8.581	-5.327	0.660	2.890	3.362	 ]	score: 1633.709	 	
2-	[	0.543	-8.176	-8.210	2.639	1.759	5.938	 ]	score: 2776.168	 	
3-	[	-2.391	-3.421	-5.733	1.257	0.471	3.487	 ]	score: 3420.335	 	
4-	[	1.376	-0.595	-5.733	1.257	0.471	2.482	 ]	score: 4872.484	 	
5-	[	1.406	-8.581	-5.733	1.257	1.351	3.362	 ]	score: 5359.070	 	

Nodo 3
1-	[	0.543	-8.176	-7.629	4.775	1.759	5.938	 ]	score: 2020.149	 	
2-	[	1.376	-8.836	-8.373	1.257	2.890	1.037	 ]	score: 5030.865	 	
3-	[	1.376	-0.595	-2.612	2.576	2.890	1.037	 ]	score: 7369.813	 	
4-	[	1.376	-0.595	-7.629	4.775	2.890	1.037	 ]	score: 7929.881	 	
5-	[	1.376	-0.595	-6.394	4.775	2.890	1.037	 ]	score: 8627.320	 	

Nodo 4
1-	[	0.199	-8.176	-7.963	1.005	0.031	1.602	 ]	score: 7058.374	 	
2-	[	0.199	-0.595	-0.425	1.257	0.031	1.602	 ]	score: 8261.632	 	
3-	[	1.376	-0.595	-3.565	1.257	3.142	2.042	 ]	score: 8310.135	 	
4-	[	0.199	-8.176	-0.425	4.775	2.293	5.938	 ]	score: 9216.064	 	
5-	[	0.199	-8.393	-3.565	1.005	0.031	1.602	 ]	score: 9285.255	 	

Nodo 5
1-	[	0.543	-0.595	-7.629	6.283	1.759	4.053	 ]	score: 5599.728	 	
2-	[	0.543	-0.595	-7.629	6.283	1.759	1.037	 ]	score: 6421.436	 	
3-	[	1.376	-0.219	-1.709	6.283	1.759	4.555	 ]	score: 8036.440	 	
4-	[	0.543	-0.595	-7.629	6.283	2.293	5.938	 ]	score: 8145.982	 	
5-	[	-3.023	-0.219	0.661	5.592	0.346	3.142	 ]	score: 9338.806	 	

Nodo 6
1-	[	-2.201	-5.388	-1.709	3.299	1.759	4.555	 ]	score: 4839.309	 	
2-	[	0.543	0.814	-7.629	4.775	2.419	4.555	 ]	score: 7330.428	 	
3-	[	-2.201	-5.388	-1.709	0.503	1.759	5.938	 ]	score: 8045.117	 	
4-	[	-2.201	-1.312	-1.709	3.299	2.419	4.555	 ]	score: 9237.965	 	
5-	[	0.916	-0.595	-0.425	0.880	3.142	1.037	 ]	score: 10611.792	 	

Nodo 7
1-	[	0.543	-8.176	-8.373	1.257	1.759	1.037	 ]	score: 2482.992	 	
2-	[	1.406	-8.581	-8.373	2.293	1.759	3.362	 ]	score: 4018.805	 	
3-	[	-3.429	-4.127	-5.733	3.362	0.471	3.613	 ]	score: 5678.553	 	
4-	[	-2.391	-8.283	-5.733	0.565	2.545	2.639	 ]	score: 6328.124	 	
5-	[	-1.731	-8.836	-2.922	5.843	0.251	0.754	 ]	score: 6547.019	 	

Nodo 8
1-	[	0.543	-8.748	-7.268	0.565	2.545	5.938	 ]	score: 3089.019	 	
2-	[	-3.364	-8.748	-7.268	0.565	2.545	0.597	 ]	score: 5030.469	 	
3-	[	1.247	-8.748	-7.268	1.257	2.545	3.362	 ]	score: 5448.225	 	
4-	[	1.406	-8.748	-2.912	1.257	2.859	3.362	 ]	score: 5886.875	 	
5-	[	-2.391	-8.283	-5.733	3.362	2.859	3.079	 ]	score: 7046.614	 	

Nodo 9
1-	[	-2.391	-3.421	-5.733	1.257	0.471	3.487	 ]	score: 3420.335	 	
2-	[	0.673	-8.283	-5.733	0.565	2.545	0.754	 ]	score: 3959.752	 	
3-	[	1.799	-8.283	-5.733	1.257	3.142	0.880	 ]	score: 4452.848	 	
4-	[	-2.391	-3.421	-3.733	2.419	0.471	0.880	 ]	score: 4867.156	 	
5-	[	1.799	-3.421	-3.953	2.419	0.471	0.880	 ]	score: 4905.037	 	

Nodo 10
1-	[	2.857	-8.836	-8.373	1.257	2.890	3.362	 ]	score: 2461.590	 	
2-	[	4.131	-8.581	-5.327	0.660	2.890	3.864	 ]	score: 5093.820	 	
3-	[	4.131	-8.581	-2.612	2.576	2.890	3.864	 ]	score: 6013.312	 	
4-	[	0.539	-2.587	-5.327	3.204	0.723	3.362	 ]	score: 6273.917	 	
5-	[	4.131	-8.581	-2.612	2.576	2.890	1.037	 ]	score: 7459.156	 	

Nodo 11
1-	[	3.971	-7.485	-7.008	0.723	2.796	3.173	 ]	score: 2980.056	 	
2-	[	1.376	-7.485	-6.394	2.576	2.890	4.367	 ]	score: 3290.179	 	
3-	[	3.971	-8.581	-7.008	0.660	2.890	3.173	 ]	score: 4088.335	 	
4-	[	1.376	0.891	-6.394	4.775	2.890	1.037	 ]	score: 7428.328	 	
5-	[	1.376	-7.485	-7.008	2.576	2.890	1.037	 ]	score: 7928.979	 	

Nodo 12
1-	[	0.539	-8.581	-5.327	0.660	2.890	3.362	 ]	score: 2726.963	 	
2-	[	0.472	-8.581	-7.029	2.576	2.890	4.838	 ]	score: 3964.506	 	
3-	[	0.472	-8.581	-6.394	2.576	2.890	4.838	 ]	score: 4907.481	 	
4-	[	3.588	-8.213	-5.951	2.482	2.136	4.838	 ]	score: 4971.910	 	
5-	[	0.539	-8.581	-2.612	2.576	2.890	4.838	 ]	score: 8806.805	 	

* Generation 9
**************************************************************************
Nodo 0
1-	[	-1.731	-8.836	-8.373	1.257	1.759	0.754	 ]	score: 1629.208	 	
2-	[	1.406	-8.581	-5.327	0.660	2.890	3.362	 ]	score: 1633.709	 	
3-	[	0.543	-8.176	-7.629	4.775	1.759	5.938	 ]	score: 2020.149	 	
4-	[	1.376	-0.595	-0.425	1.257	3.142	1.037	 ]	score: 11109.653	 	
5-	[	None ]

Nodo 1
1-	[	0.543	-8.176	-8.135	4.775	2.293	5.938	 ]	score: 2355.258	 	
2-	[	0.543	-8.176	-7.629	1.728	2.293	5.938	 ]	score: 2612.003	 	
3-	[	0.543	-8.176	-9.082	4.775	2.293	5.938	 ]	score: 2793.880	 	
4-	[	-1.731	-8.176	-7.629	1.257	2.293	5.938	 ]	score: 3871.151	 	
5-	[	1.376	-8.172	-8.135	4.775	3.142	5.938	 ]	score: 4733.578	 	

Nodo 2
1-	[	1.406	-8.581	-5.327	0.660	2.890	3.362	 ]	score: 1633.709	 	
2-	[	0.543	-8.176	-8.210	2.639	1.759	5.938	 ]	score: 2776.168	 	
3-	[	-2.391	-3.421	-5.733	1.257	0.471	3.487	 ]	score: 3420.335	 	
4-	[	1.376	-0.595	-5.733	1.257	0.471	2.482	 ]	score: 4872.484	 	
5-	[	1.406	-8.581	-5.733	1.257	1.351	3.362	 ]	score: 5359.070	 	

Nodo 3
1-	[	0.543	-8.176	-7.629	4.775	1.759	5.938	 ]	score: 2020.149	 	
2-	[	1.376	-8.836	-8.373	1.257	2.890	1.037	 ]	score: 5030.865	 	
3-	[	-1.731	-8.836	-7.629	1.257	1.759	5.938	 ]	score: 6163.402	 	
4-	[	1.376	-0.595	-2.612	2.576	2.890	1.037	 ]	score: 7369.813	 	
5-	[	1.376	-0.595	-7.629	4.775	2.890	1.037	 ]	score: 7929.881	 	

Nodo 4
1-	[	0.199	-8.176	-7.963	1.005	0.031	1.602	 ]	score: 7058.374	 	
2-	[	0.199	-0.595	-0.425	1.257	0.031	1.602	 ]	score: 8261.632	 	
3-	[	1.376	-0.595	-3.565	1.257	3.142	2.042	 ]	score: 8310.135	 	
4-	[	0.199	-8.176	-0.425	4.775	2.293	5.938	 ]	score: 9216.064	 	
5-	[	0.199	-8.393	-3.565	1.005	0.031	1.602	 ]	score: 9285.255	 	

Nodo 5
1-	[	0.543	-8.176	-9.082	0.911	1.759	4.053	 ]	score: 4026.215	 	
2-	[	0.543	-0.595	-7.629	6.283	1.759	4.053	 ]	score: 5599.728	 	
3-	[	0.543	-0.595	-7.629	6.283	1.759	1.037	 ]	score: 6421.436	 	
4-	[	1.376	-0.219	-1.709	6.283	1.759	4.555	 ]	score: 8036.440	 	
5-	[	0.543	-0.595	-7.629	6.283	2.293	5.938	 ]	score: 8145.982	 	

Nodo 6
1-	[	-2.201	-5.388	-1.709	3.299	1.759	4.555	 ]	score: 4839.309	 	
2-	[	0.543	-8.176	-1.709	3.299	2.293	5.938	 ]	score: 6250.248	 	
3-	[	0.543	0.814	-7.629	4.775	2.419	4.555	 ]	score: 7330.428	 	
4-	[	-2.201	-5.388	-1.709	0.503	1.759	5.938	 ]	score: 8045.117	 	
5-	[	-2.201	-1.312	-1.709	3.299	2.419	4.555	 ]	score: 9237.965	 	

Nodo 7
1-	[	0.543	-8.176	-8.373	1.257	1.759	1.037	 ]	score: 2482.992	 	
2-	[	1.406	-8.581	-8.373	2.293	1.759	3.362	 ]	score: 4018.805	 	
3-	[	-3.429	-4.127	-5.733	3.362	0.471	3.613	 ]	score: 5678.553	 	
4-	[	-2.391	-8.283	-5.733	0.565	2.545	2.639	 ]	score: 6328.124	 	
5-	[	-1.731	-8.836	-2.922	5.843	0.251	0.754	 ]	score: 6547.019	 	

Nodo 8
1-	[	0.543	-8.283	-5.733	3.362	2.859	3.079	 ]	score: 2847.463	 	
2-	[	0.543	-8.748	-7.268	0.565	2.545	5.938	 ]	score: 3089.019	 	
3-	[	-3.364	-8.748	-7.268	0.565	2.545	0.597	 ]	score: 5030.469	 	
4-	[	1.247	-8.748	-7.268	1.257	2.545	3.362	 ]	score: 5448.225	 	
5-	[	1.406	-8.748	-2.912	1.257	2.859	3.362	 ]	score: 5886.875	 	

Nodo 9
1-	[	-2.391	-3.421	-5.733	1.257	0.471	3.487	 ]	score: 3420.335	 	
2-	[	-2.391	-3.421	-8.002	1.257	0.471	3.487	 ]	score: 3732.771	 	
3-	[	0.673	-8.283	-5.733	0.565	2.545	0.754	 ]	score: 3959.752	 	
4-	[	1.799	-8.283	-5.733	1.257	3.142	0.880	 ]	score: 4452.848	 	
5-	[	-2.391	-3.421	-3.733	2.419	0.471	0.880	 ]	score: 4867.156	 	

Nodo 10
1-	[	2.857	-8.836	-8.373	1.257	2.890	3.362	 ]	score: 2461.590	 	
2-	[	4.131	-8.581	-5.327	0.660	2.890	3.864	 ]	score: 5093.820	 	
3-	[	4.131	-8.581	-2.612	2.576	2.890	3.864	 ]	score: 6013.312	 	
4-	[	0.539	-2.587	-5.327	3.204	0.723	3.362	 ]	score: 6273.917	 	
5-	[	4.131	-8.581	-5.327	0.660	0.188	3.864	 ]	score: 7062.491	 	

Nodo 11
1-	[	3.971	-7.485	-7.008	0.723	2.796	3.173	 ]	score: 2980.056	 	
2-	[	1.376	-7.485	-6.394	2.576	2.890	4.367	 ]	score: 3290.179	 	
3-	[	3.971	-8.581	-7.008	0.660	2.890	3.173	 ]	score: 4088.335	 	
4-	[	1.376	0.891	-6.394	4.775	2.890	1.037	 ]	score: 7428.328	 	
5-	[	1.376	-7.485	-7.008	2.576	2.890	1.037	 ]	score: 7928.979	 	

Nodo 12
1-	[	0.539	-8.581	-5.327	0.660	2.890	3.362	 ]	score: 2726.963	 	
2-	[	0.472	-8.581	-7.029	2.576	2.890	4.838	 ]	score: 3964.506	 	
3-	[	0.472	-8.581	-6.394	2.576	2.890	4.838	 ]	score: 4907.481	 	
4-	[	3.588	-8.213	-5.951	2.482	2.136	4.838	 ]	score: 4971.910	 	
5-	[	0.539	-8.581	-2.612	2.576	2.890	4.838	 ]	score: 8806.805	 	

* Generation 10
**************************************************************************
Nodo 0
1-	[	1.376	-8.836	-8.373	1.257	2.890	3.362	 ]	score: 1199.179	 	
2-	[	-1.731	-8.836	-8.373	1.257	1.759	0.754	 ]	score: 1629.208	 	
3-	[	1.406	-8.581	-5.327	0.660	2.890	3.362	 ]	score: 1633.709	 	
4-	[	0.543	-8.176	-7.629	4.775	1.759	5.938	 ]	score: 2020.149	 	
5-	[	1.376	-0.595	-0.425	1.257	3.142	1.037	 ]	score: 11109.653	 	

Nodo 1
1-	[	0.543	-8.176	-8.135	4.775	2.293	5.938	 ]	score: 2355.258	 	
2-	[	0.543	-8.176	-7.629	1.728	2.293	5.938	 ]	score: 2612.003	 	
3-	[	0.543	-8.176	-9.082	4.775	2.293	5.938	 ]	score: 2793.880	 	
4-	[	-1.731	-8.176	-7.629	1.257	2.293	5.938	 ]	score: 3871.151	 	
5-	[	1.376	-8.172	-8.135	4.775	3.142	5.938	 ]	score: 4733.578	 	

Nodo 2
1-	[	1.406	-8.581	-5.733	0.660	2.890	3.362	 ]	score: 1589.523	 	
2-	[	0.543	-8.176	-8.210	2.639	1.759	5.938	 ]	score: 2776.168	 	
3-	[	-2.391	-3.421	-5.733	1.257	0.471	3.487	 ]	score: 3420.335	 	
4-	[	1.376	-0.595	-5.733	1.257	0.471	2.482	 ]	score: 4872.484	 	
5-	[	1.406	-8.581	-5.733	1.257	1.351	3.362	 ]	score: 5359.070	 	

Nodo 3
1-	[	-1.731	-8.836	-8.373	1.257	1.759	0.754	 ]	score: 1629.208	 	
2-	[	1.376	-8.836	-8.373	1.257	2.890	1.037	 ]	score: 5030.865	 	
3-	[	-1.731	-8.836	-7.629	1.257	1.759	5.938	 ]	score: 6163.402	 	
4-	[	1.376	-0.595	-2.612	2.576	2.890	1.037	 ]	score: 7369.813	 	
5-	[	1.376	-0.595	-7.629	4.775	2.890	1.037	 ]	score: 7929.881	 	

Nodo 4
1-	[	0.543	-8.176	-7.629	4.775	2.293	5.938	 ]	score: 2405.820	 	
2-	[	0.199	-8.176	-7.963	1.005	0.031	1.602	 ]	score: 7058.374	 	
3-	[	0.199	-0.595	-0.425	1.257	0.031	1.602	 ]	score: 8261.632	 	
4-	[	1.376	-0.595	-3.565	1.257	3.142	2.042	 ]	score: 8310.135	 	
5-	[	0.199	-8.176	-0.425	4.775	2.293	5.938	 ]	score: 9216.064	 	

Nodo 5
1-	[	0.543	-8.176	-9.082	0.911	1.759	4.053	 ]	score: 4026.215	 	
2-	[	0.543	-0.595	-7.629	6.283	1.759	4.053	 ]	score: 5599.728	 	
3-	[	0.543	-8.176	-9.082	6.283	2.293	5.938	 ]	score: 6323.478	 	
4-	[	0.543	-0.595	-7.629	6.283	1.759	1.037	 ]	score: 6421.436	 	
5-	[	1.376	-0.219	-1.709	6.283	1.759	4.555	 ]	score: 8036.440	 	

Nodo 6
1-	[	-2.201	-5.388	-1.709	3.299	1.759	4.555	 ]	score: 4839.309	 	
2-	[	0.543	-8.176	-1.709	3.299	2.293	5.938	 ]	score: 6250.248	 	
3-	[	0.543	0.814	-7.629	4.775	2.419	4.555	 ]	score: 7330.428	 	
4-	[	-2.201	-5.388	-1.709	0.503	3.142	5.938	 ]	score: 7599.557	 	
5-	[	-2.201	-5.388	-1.709	0.503	1.759	5.938	 ]	score: 8045.117	 	

Nodo 7
1-	[	0.543	-8.176	-8.373	1.257	1.759	1.037	 ]	score: 2482.992	 	
2-	[	1.406	-8.581	-8.373	2.293	1.759	3.362	 ]	score: 4018.805	 	
3-	[	-3.429	-4.127	-5.733	3.362	0.471	3.613	 ]	score: 5678.553	 	
4-	[	-2.391	-8.283	-5.733	0.565	2.545	2.639	 ]	score: 6328.124	 	
5-	[	-1.731	-8.836	-2.922	5.843	0.471	0.754	 ]	score: 6419.087	 	

Nodo 8
1-	[	1.406	-8.581	-5.327	0.660	2.890	3.362	 ]	score: 1633.709	 	
2-	[	0.543	-8.283	-5.733	3.362	2.859	3.079	 ]	score: 2847.463	 	
3-	[	0.543	-8.748	-7.268	0.565	2.545	5.938	 ]	score: 3089.019	 	
4-	[	-3.364	-8.748	-7.268	0.565	2.545	0.597	 ]	score: 5030.469	 	
5-	[	1.247	-8.748	-7.268	1.257	2.545	3.362	 ]	score: 5448.225	 	

Nodo 9
1-	[	-2.391	-3.421	-5.733	1.257	0.471	3.487	 ]	score: 3420.335	 	
2-	[	5.693	-8.283	-5.733	1.257	2.545	0.754	 ]	score: 3582.504	 	
3-	[	-2.391	-3.421	-8.002	1.257	0.471	3.487	 ]	score: 3732.771	 	
4-	[	0.673	-8.283	-5.733	0.565	2.545	0.754	 ]	score: 3959.752	 	
5-	[	1.799	-8.283	-5.733	1.257	3.142	0.880	 ]	score: 4452.848	 	

Nodo 10
1-	[	2.857	-8.836	-8.373	1.257	2.890	3.362	 ]	score: 2461.590	 	
2-	[	0.543	-6.459	-8.373	3.676	2.262	5.938	 ]	score: 4093.247	 	
3-	[	4.131	-8.581	-5.327	0.660	2.890	3.864	 ]	score: 5093.820	 	
4-	[	4.131	-8.581	-2.612	2.576	2.890	3.864	 ]	score: 6013.312	 	
5-	[	0.539	-2.587	-5.327	3.204	0.723	3.362	 ]	score: 6273.917	 	

Nodo 11
1-	[	3.971	-7.485	-7.008	0.723	2.796	3.173	 ]	score: 2980.056	 	
2-	[	1.376	-7.485	-6.394	2.576	2.890	4.367	 ]	score: 3290.179	 	
3-	[	3.971	-8.581	-7.008	0.660	2.890	3.173	 ]	score: 4088.335	 	
4-	[	1.376	0.891	-6.394	4.775	2.890	1.037	 ]	score: 7428.328	 	
5-	[	1.376	0.891	-6.394	4.775	2.890	1.037	 ]	score: 7428.328	 	

Nodo 12
1-	[	0.543	-8.176	-7.629	4.775	1.759	5.938	 ]	score: 2020.149	 	
2-	[	0.539	-8.581	-5.327	0.660	2.890	3.362	 ]	score: 2726.963	 	
3-	[	0.472	-8.581	-7.029	2.576	2.890	4.838	 ]	score: 3964.506	 	
4-	[	0.472	-8.581	-6.394	2.576	2.890	4.838	 ]	score: 4907.481	 	
5-	[	3.588	-8.213	-5.951	2.482	2.136	4.838	 ]	score: 4971.910	 	
