Molecule Name: 1ENY
Test Pdb: 1ENY_Rigid_RMSD_0.000.pdb
Pocket: 5
Generations: 1
Time to Stop: 0
Space Size: 5
Point: ( -2.721 , 33.882 , 14.162 )
Local Search: False
Rotate Atoms: []

- Best Score: 2020.14912978
- Reach Best Score: 1
- RMSD: 0.830520689487
- Timer: 0:00:01.986241


* Init Population
**************************************************************************
Nodo 0
1-	[	1.376	-0.595	-0.425	1.257	3.142	1.037	 ]	score: 11109.653	 	
2-	[	None ]
3-	[	None ]
4-	[	None ]
5-	[	None ]

Nodo 1
1-	[	-2.201	-5.388	-1.709	3.299	1.759	4.555	 ]	score: 4839.309	 	
2-	[	None ]
3-	[	None ]
4-	[	None ]
5-	[	None ]

Nodo 2
1-	[	-2.391	-8.283	-5.733	3.362	2.545	3.079	 ]	score: 6978.600	 	
2-	[	None ]
3-	[	None ]
4-	[	None ]
5-	[	None ]

Nodo 3
1-	[	4.131	-8.581	-2.612	2.576	2.890	3.864	 ]	score: 6013.312	 	
2-	[	None ]
3-	[	None ]
4-	[	None ]
5-	[	None ]

Nodo 4
1-	[	0.199	-8.393	-3.565	1.005	0.031	1.602	 ]	score: 9285.255	 	
2-	[	None ]
3-	[	None ]
4-	[	None ]
5-	[	None ]

Nodo 5
1-	[	-3.023	-0.219	0.661	5.592	0.346	3.142	 ]	score: 9338.806	 	
2-	[	None ]
3-	[	None ]
4-	[	None ]
5-	[	None ]

Nodo 6
1-	[	0.543	-8.176	-7.629	1.728	2.293	5.938	 ]	score: 2612.003	 	
2-	[	None ]
3-	[	None ]
4-	[	None ]
5-	[	None ]

Nodo 7
1-	[	-1.731	-8.836	-2.922	5.843	0.251	0.754	 ]	score: 6547.019	 	
2-	[	None ]
3-	[	None ]
4-	[	None ]
5-	[	None ]

Nodo 8
1-	[	-3.364	-8.748	-2.912	4.587	2.859	0.597	 ]	score: 8818.612	 	
2-	[	None ]
3-	[	None ]
4-	[	None ]
5-	[	None ]

Nodo 9
1-	[	1.799	-3.421	-3.953	2.419	0.471	0.880	 ]	score: 4905.037	 	
2-	[	None ]
3-	[	None ]
4-	[	None ]
5-	[	None ]

Nodo 10
1-	[	0.539	-2.587	-5.327	3.204	0.723	3.362	 ]	score: 6273.917	 	
2-	[	None ]
3-	[	None ]
4-	[	None ]
5-	[	None ]

Nodo 11
1-	[	3.971	-7.485	-7.008	0.723	2.796	3.173	 ]	score: 2980.056	 	
2-	[	None ]
3-	[	None ]
4-	[	None ]
5-	[	None ]

Nodo 12
1-	[	3.588	-8.213	-5.951	2.482	2.136	4.838	 ]	score: 4971.910	 	
2-	[	None ]
3-	[	None ]
4-	[	None ]
5-	[	None ]

* Generation 1
**************************************************************************
Nodo 0
1-	[	0.543	-8.176	-7.629	4.775	1.759	5.938	 ]	score: 2020.149	 	
2-	[	1.376	-0.595	-0.425	1.257	3.142	1.037	 ]	score: 11109.653	 	
3-	[	None ]
4-	[	None ]
5-	[	None ]

Nodo 1
1-	[	1.376	-5.388	-1.709	6.283	3.142	1.037	 ]	score: 11073.727	 	
2-	[	1.376	-0.595	-0.425	1.257	3.142	1.037	 ]	score: 11109.653	 	
3-	[	None ]
4-	[	None ]
5-	[	None ]

Nodo 2
1-	[	0.673	-8.283	-5.733	0.565	2.545	0.754	 ]	score: 3959.752	 	
2-	[	-2.391	-8.283	-5.733	1.257	3.142	3.079	 ]	score: 7124.209	 	
3-	[	None ]
4-	[	None ]
5-	[	None ]

Nodo 3
1-	[	0.539	-8.581	-5.327	0.660	2.890	3.362	 ]	score: 2726.963	 	
2-	[	1.376	-0.595	-2.612	2.576	2.890	1.037	 ]	score: 7369.813	 	
3-	[	None ]
4-	[	None ]
5-	[	None ]

Nodo 4
1-	[	0.199	-8.393	-3.565	1.005	0.031	1.602	 ]	score: 9285.255	 	
2-	[	0.199	-5.388	-1.709	3.299	0.031	4.555	 ]	score: 10835.049	 	
3-	[	None ]
4-	[	None ]
5-	[	None ]

Nodo 5
1-	[	-3.023	-0.219	0.661	5.592	0.346	3.142	 ]	score: 9338.806	 	
2-	[	-3.023	-0.219	0.661	5.592	1.759	4.555	 ]	score: 13788.681	 	
3-	[	None ]
4-	[	None ]
5-	[	None ]

Nodo 6
1-	[	0.543	-8.176	-7.629	1.728	2.293	5.938	 ]	score: 2612.003	 	
2-	[	-2.201	-5.388	-1.709	3.299	1.759	4.555	 ]	score: 4839.309	 	
3-	[	None ]
4-	[	None ]
5-	[	None ]

Nodo 7
1-	[	-1.731	-8.836	-2.922	5.843	0.251	0.754	 ]	score: 6547.019	 	
2-	[	-2.391	-8.283	-5.733	3.362	2.545	3.079	 ]	score: 6978.600	 	
3-	[	None ]
4-	[	None ]
5-	[	None ]

Nodo 8
1-	[	-3.364	-8.748	-2.912	4.587	2.859	0.597	 ]	score: 8818.612	 	
2-	[	-3.364	-8.748	-5.733	3.362	2.859	3.079	 ]	score: 9841.322	 	
3-	[	None ]
4-	[	None ]
5-	[	None ]

Nodo 9
1-	[	1.799	-3.421	-3.953	2.419	0.471	0.880	 ]	score: 4905.037	 	
2-	[	1.799	-3.421	-3.953	2.419	0.471	0.880	 ]	score: 4905.037	 	
3-	[	None ]
4-	[	None ]
5-	[	None ]

Nodo 10
1-	[	4.131	-8.581	-2.612	2.576	2.890	3.864	 ]	score: 6013.312	 	
2-	[	0.539	-2.587	-5.327	3.204	0.723	3.362	 ]	score: 6273.917	 	
3-	[	None ]
4-	[	None ]
5-	[	None ]

Nodo 11
1-	[	3.971	-7.485	-7.008	0.723	2.796	3.173	 ]	score: 2980.056	 	
2-	[	4.131	-7.485	-2.612	2.576	0.911	3.173	 ]	score: 9336.133	 	
3-	[	None ]
4-	[	None ]
5-	[	None ]

Nodo 12
1-	[	3.588	-8.213	-5.951	2.482	2.136	4.838	 ]	score: 4971.910	 	
2-	[	0.472	-8.581	-2.612	2.576	2.136	4.838	 ]	score: 13369.737	 	
3-	[	None ]
4-	[	None ]
5-	[	None ]
