Molecule Name: 1ENY
Test Pdb: 1ENY_Rigid_RMSD_0.000.pdb
Pocket: 5
Generations: 10
Time to Stop: 0
Space Size: 5
Point: ( -2.721 , 33.882 , 14.162 )
Local Search: True
Rotate Atoms: []

- Best Score: 529.493140493
- Reach Best Score: 5
- RMSD: 0.102376036346
- Timer: 0:08:26.909729


* Init Population
**************************************************************************
Nodo 0
1-	[	-2.710	-1.000	-2.785	4.021	1.445	1.037	 ]	score: 3641.818	 	
2-	[	None ]
3-	[	None ]
4-	[	None ]
5-	[	None ]

Nodo 1
1-	[	-3.246	-2.555	-5.634	1.696	0.817	1.005	 ]	score: 3154.872	 	
2-	[	None ]
3-	[	None ]
4-	[	None ]
5-	[	None ]

Nodo 2
1-	[	3.081	-8.588	-5.701	3.142	0.660	4.273	 ]	score: 828.045	 	
2-	[	None ]
3-	[	None ]
4-	[	None ]
5-	[	None ]

Nodo 3
1-	[	3.335	-7.965	-8.133	0.628	1.194	3.738	 ]	score: 563.970	 	
2-	[	None ]
3-	[	None ]
4-	[	None ]
5-	[	None ]

Nodo 4
1-	[	3.898	-5.473	-4.823	5.875	1.791	4.650	 ]	score: 2948.806	 	
2-	[	None ]
3-	[	None ]
4-	[	None ]
5-	[	None ]

Nodo 5
1-	[	-0.907	-4.666	-5.657	1.696	2.859	5.969	 ]	score: 975.033	 	
2-	[	None ]
3-	[	None ]
4-	[	None ]
5-	[	None ]

Nodo 6
1-	[	1.023	-8.587	-6.686	0.157	2.105	5.246	 ]	score: 1166.308	 	
2-	[	None ]
3-	[	None ]
4-	[	None ]
5-	[	None ]

Nodo 7
1-	[	4.041	-6.488	-3.791	0.126	1.696	5.215	 ]	score: 1408.905	 	
2-	[	None ]
3-	[	None ]
4-	[	None ]
5-	[	None ]

Nodo 8
1-	[	2.828	-8.268	-7.934	6.000	3.079	3.362	 ]	score: 655.060	 	
2-	[	None ]
3-	[	None ]
4-	[	None ]
5-	[	None ]

Nodo 9
1-	[	0.759	-4.687	-3.525	5.875	1.319	0.408	 ]	score: 779.818	 	
2-	[	None ]
3-	[	None ]
4-	[	None ]
5-	[	None ]

Nodo 10
1-	[	1.007	-6.501	-5.808	0.094	2.890	0.220	 ]	score: 686.026	 	
2-	[	None ]
3-	[	None ]
4-	[	None ]
5-	[	None ]

Nodo 11
1-	[	-0.557	-5.562	-6.131	5.781	1.194	0.817	 ]	score: 997.139	 	
2-	[	None ]
3-	[	None ]
4-	[	None ]
5-	[	None ]

Nodo 12
1-	[	2.520	-5.982	-4.274	0.377	2.168	2.608	 ]	score: 1678.535	 	
2-	[	None ]
3-	[	None ]
4-	[	None ]
5-	[	None ]

* Generation 1
**************************************************************************
Nodo 0
1-	[	3.335	-7.965	-8.133	0.628	1.194	3.738	 ]	score: 563.970	 	
2-	[	-2.710	-1.000	-2.785	4.021	1.445	1.037	 ]	score: 3641.818	 	
3-	[	None ]
4-	[	None ]
5-	[	None ]

Nodo 1
1-	[	0.393	-8.446	-6.740	5.592	1.319	1.005	 ]	score: 592.035	 	
2-	[	-2.710	-2.007	-2.118	4.021	1.414	1.037	 ]	score: 3240.009	 	
3-	[	None ]
4-	[	None ]
5-	[	None ]

Nodo 2
1-	[	3.081	-7.229	-7.057	2.450	1.508	4.273	 ]	score: 574.812	 	
2-	[	0.025	-8.384	-6.108	4.021	0.911	0.094	 ]	score: 1075.034	 	
3-	[	None ]
4-	[	None ]
5-	[	None ]

Nodo 3
1-	[	1.059	-7.537	-6.391	0.628	1.445	3.738	 ]	score: 571.353	 	
2-	[	-2.710	-1.000	-2.785	4.021	1.445	1.037	 ]	score: 3641.818	 	
3-	[	None ]
4-	[	None ]
5-	[	None ]

Nodo 4
1-	[	3.898	-5.473	-4.823	5.875	1.791	4.650	 ]	score: 2948.806	 	
2-	[	-3.246	-2.555	-5.634	1.696	0.817	1.005	 ]	score: 3154.872	 	
3-	[	None ]
4-	[	None ]
5-	[	None ]

Nodo 5
1-	[	1.514	-4.823	-5.118	5.561	0.817	5.969	 ]	score: 595.928	 	
2-	[	-0.907	-4.666	-5.657	1.696	2.859	5.969	 ]	score: 975.033	 	
3-	[	None ]
4-	[	None ]
5-	[	None ]

Nodo 6
1-	[	1.023	-8.587	-6.686	0.157	2.105	5.246	 ]	score: 1166.308	 	
2-	[	-3.468	-2.898	-3.666	0.848	2.105	5.246	 ]	score: 3452.020	 	
3-	[	None ]
4-	[	None ]
5-	[	None ]

Nodo 7
1-	[	3.081	-8.588	-5.701	3.142	0.660	4.273	 ]	score: 828.045	 	
2-	[	4.041	-6.488	-3.791	0.126	1.696	5.215	 ]	score: 1408.905	 	
3-	[	None ]
4-	[	None ]
5-	[	None ]

Nodo 8
1-	[	2.828	-8.268	-7.934	6.000	3.079	3.362	 ]	score: 655.060	 	
2-	[	0.088	-7.885	-4.886	2.293	2.293	4.210	 ]	score: 3324.534	 	
3-	[	None ]
4-	[	None ]
5-	[	None ]

Nodo 9
1-	[	0.759	-4.687	-3.525	5.875	1.319	0.408	 ]	score: 779.818	 	
2-	[	3.398	-8.459	-5.620	3.142	1.319	1.225	 ]	score: 1023.418	 	
3-	[	None ]
4-	[	None ]
5-	[	None ]

Nodo 10
1-	[	1.007	-6.501	-5.808	0.094	2.890	0.220	 ]	score: 686.026	 	
2-	[	1.007	-6.083	-6.264	0.534	2.796	0.220	 ]	score: 882.447	 	
3-	[	None ]
4-	[	None ]
5-	[	None ]

Nodo 11
1-	[	1.584	-6.538	-8.133	0.157	1.728	0.817	 ]	score: 582.500	 	
2-	[	-0.557	-5.562	-6.131	5.781	1.194	0.817	 ]	score: 997.139	 	
3-	[	None ]
4-	[	None ]
5-	[	None ]

Nodo 12
1-	[	0.431	-8.495	-8.133	0.377	1.665	3.738	 ]	score: 593.183	 	
2-	[	2.520	-5.982	-4.274	0.377	2.168	2.608	 ]	score: 1678.535	 	
3-	[	None ]
4-	[	None ]
5-	[	None ]

* Generation 2
**************************************************************************
Nodo 0
1-	[	0.756	-8.116	-8.809	0.628	1.665	3.738	 ]	score: 539.474	 	
2-	[	3.335	-7.965	-8.133	0.628	1.194	3.738	 ]	score: 563.970	 	
3-	[	-2.710	-1.000	-2.785	4.021	1.445	1.037	 ]	score: 3641.818	 	
4-	[	None ]
5-	[	None ]

Nodo 1
1-	[	0.229	-6.979	-8.133	5.843	1.477	1.100	 ]	score: 540.721	 	
2-	[	0.393	-8.446	-6.740	5.592	1.319	1.005	 ]	score: 592.035	 	
3-	[	-2.710	-2.007	-2.118	4.021	1.414	1.037	 ]	score: 3240.009	 	
4-	[	None ]
5-	[	None ]

Nodo 2
1-	[	3.081	-7.229	-7.057	2.450	1.508	4.273	 ]	score: 574.812	 	
2-	[	0.025	-8.384	-6.108	4.021	0.911	0.094	 ]	score: 1075.034	 	
3-	[	-2.710	-2.380	-2.675	4.021	1.445	1.037	 ]	score: 3350.144	 	
4-	[	None ]
5-	[	None ]

Nodo 3
1-	[	3.335	-7.965	-8.133	0.628	1.194	3.738	 ]	score: 563.970	 	
2-	[	1.059	-7.537	-6.391	0.628	1.445	3.738	 ]	score: 571.353	 	
3-	[	-2.710	-1.000	-2.785	4.021	1.445	1.037	 ]	score: 3641.818	 	
4-	[	None ]
5-	[	None ]

Nodo 4
1-	[	-1.356	-3.230	-6.465	5.466	0.597	0.628	 ]	score: 1543.949	 	
2-	[	3.898	-5.473	-4.823	5.875	1.791	4.650	 ]	score: 2948.806	 	
3-	[	-3.246	-2.555	-5.634	1.696	0.817	1.005	 ]	score: 3154.872	 	
4-	[	None ]
5-	[	None ]

Nodo 5
1-	[	0.662	-5.524	-4.898	2.702	1.445	0.754	 ]	score: 551.073	 	
2-	[	1.514	-4.823	-5.118	5.561	0.817	5.969	 ]	score: 595.928	 	
3-	[	-0.907	-4.666	-5.657	1.696	2.859	5.969	 ]	score: 975.033	 	
4-	[	None ]
5-	[	None ]

Nodo 6
1-	[	0.157	-8.738	-6.740	2.199	1.382	6.189	 ]	score: 1032.207	 	
2-	[	1.023	-8.587	-6.686	0.157	2.105	5.246	 ]	score: 1166.308	 	
3-	[	-3.468	-2.898	-3.666	0.848	2.105	5.246	 ]	score: 3452.020	 	
4-	[	None ]
5-	[	None ]

Nodo 7
1-	[	4.041	-8.538	-7.829	4.084	0.785	5.435	 ]	score: 824.697	 	
2-	[	3.081	-8.588	-5.701	3.142	0.660	4.273	 ]	score: 828.045	 	
3-	[	4.041	-6.488	-3.791	0.126	1.696	5.215	 ]	score: 1408.905	 	
4-	[	None ]
5-	[	None ]

Nodo 8
1-	[	2.828	-8.268	-7.934	6.000	3.079	3.362	 ]	score: 655.060	 	
2-	[	0.025	-8.904	-6.498	4.115	1.696	0.094	 ]	score: 839.458	 	
3-	[	0.088	-7.885	-4.886	2.293	2.293	4.210	 ]	score: 3324.534	 	
4-	[	None ]
5-	[	None ]

Nodo 9
1-	[	0.312	-3.917	-3.995	2.073	0.063	0.063	 ]	score: 593.678	 	
2-	[	0.759	-4.687	-3.525	5.875	1.319	0.408	 ]	score: 779.818	 	
3-	[	3.398	-8.459	-5.620	3.142	1.319	1.225	 ]	score: 1023.418	 	
4-	[	None ]
5-	[	None ]

Nodo 10
1-	[	1.007	-6.501	-5.808	0.094	2.890	0.220	 ]	score: 686.026	 	
2-	[	1.007	-6.083	-6.264	0.534	2.796	0.220	 ]	score: 882.447	 	
3-	[	2.114	-6.098	-5.220	1.257	2.765	3.142	 ]	score: 952.603	 	
4-	[	None ]
5-	[	None ]

Nodo 11
1-	[	1.584	-6.538	-8.133	0.157	1.728	0.817	 ]	score: 582.500	 	
2-	[	-0.557	-5.562	-6.131	5.781	1.194	0.817	 ]	score: 997.139	 	
3-	[	-0.825	-5.606	-6.679	0.063	1.948	0.817	 ]	score: 1091.954	 	
4-	[	None ]
5-	[	None ]

Nodo 12
1-	[	0.431	-8.495	-8.133	0.377	1.665	3.738	 ]	score: 593.183	 	
2-	[	3.880	-8.612	-8.942	0.503	1.005	3.738	 ]	score: 611.926	 	
3-	[	2.520	-5.982	-4.274	0.377	2.168	2.608	 ]	score: 1678.535	 	
4-	[	None ]
5-	[	None ]

* Generation 3
**************************************************************************
Nodo 0
1-	[	0.590	-3.989	-4.782	5.655	3.142	6.252	 ]	score: 535.024	 	
2-	[	0.756	-8.116	-8.809	0.628	1.665	3.738	 ]	score: 539.474	 	
3-	[	3.335	-7.965	-8.133	0.628	1.194	3.738	 ]	score: 563.970	 	
4-	[	-2.710	-1.000	-2.785	4.021	1.445	1.037	 ]	score: 3641.818	 	
5-	[	None ]

Nodo 1
1-	[	0.229	-6.979	-8.133	5.843	1.477	1.100	 ]	score: 540.721	 	
2-	[	0.393	-8.446	-6.740	5.592	1.319	1.005	 ]	score: 592.035	 	
3-	[	-2.710	-2.007	-2.118	4.021	1.414	1.037	 ]	score: 3240.009	 	
4-	[	-2.710	-3.481	-4.026	4.021	1.885	5.121	 ]	score: 3729.507	 	
5-	[	None ]

Nodo 2
1-	[	0.756	-8.116	-8.809	0.628	1.665	3.738	 ]	score: 539.474	 	
2-	[	0.025	-8.384	-6.108	4.021	0.911	0.094	 ]	score: 1075.034	 	
3-	[	-3.046	-1.459	-2.052	4.021	1.445	1.037	 ]	score: 3158.976	 	
4-	[	-2.710	-2.380	-2.675	4.021	1.445	1.037	 ]	score: 3350.144	 	
5-	[	None ]

Nodo 3
1-	[	1.583	-7.863	-7.857	0.503	1.665	3.738	 ]	score: 541.384	 	
2-	[	1.059	-7.537	-6.391	0.628	1.445	3.738	 ]	score: 571.353	 	
3-	[	5.548	-8.181	-9.088	2.576	0.942	3.738	 ]	score: 1058.654	 	
4-	[	-2.710	-1.000	-2.785	4.021	1.445	1.037	 ]	score: 3641.818	 	
5-	[	None ]

Nodo 4
1-	[	-1.356	-3.230	-6.465	5.466	0.597	0.628	 ]	score: 1543.949	 	
2-	[	-3.474	-2.033	-6.740	6.095	0.597	1.005	 ]	score: 1853.781	 	
3-	[	3.898	-5.473	-4.823	5.875	1.791	4.650	 ]	score: 2948.806	 	
4-	[	-3.246	-2.555	-5.634	1.696	0.817	1.005	 ]	score: 3154.872	 	
5-	[	None ]

Nodo 5
1-	[	0.662	-5.524	-4.898	2.702	1.445	0.754	 ]	score: 551.073	 	
2-	[	1.514	-4.823	-5.118	5.561	0.817	5.969	 ]	score: 595.928	 	
3-	[	0.393	-5.694	-5.164	2.482	1.665	0.471	 ]	score: 625.209	 	
4-	[	-0.907	-4.666	-5.657	1.696	2.859	5.969	 ]	score: 975.033	 	
5-	[	None ]

Nodo 6
1-	[	0.157	-6.398	-5.668	5.843	1.571	0.063	 ]	score: 637.401	 	
2-	[	0.157	-8.738	-6.740	2.199	1.382	6.189	 ]	score: 1032.207	 	
3-	[	1.023	-8.587	-6.686	0.157	2.105	5.246	 ]	score: 1166.308	 	
4-	[	-3.468	-2.898	-3.666	0.848	2.105	5.246	 ]	score: 3452.020	 	
5-	[	None ]

Nodo 7
1-	[	4.041	-8.538	-7.829	4.084	0.785	5.435	 ]	score: 824.697	 	
2-	[	3.081	-8.588	-5.701	3.142	0.660	4.273	 ]	score: 828.045	 	
3-	[	4.041	-6.488	-3.791	0.126	1.696	5.215	 ]	score: 1408.905	 	
4-	[	3.657	-4.167	-3.367	2.953	1.728	1.068	 ]	score: 1675.624	 	
5-	[	None ]

Nodo 8
1-	[	2.828	-8.268	-7.934	6.000	3.079	3.362	 ]	score: 655.060	 	
2-	[	-0.444	-5.254	-5.667	2.231	1.037	0.094	 ]	score: 723.535	 	
3-	[	0.025	-8.904	-6.498	4.115	1.696	0.094	 ]	score: 839.458	 	
4-	[	0.088	-7.885	-4.886	2.293	2.293	4.210	 ]	score: 3324.534	 	
5-	[	None ]

Nodo 9
1-	[	3.081	-7.229	-7.057	2.450	1.508	4.273	 ]	score: 574.812	 	
2-	[	0.312	-3.917	-3.995	2.073	0.063	0.063	 ]	score: 593.678	 	
3-	[	0.759	-4.687	-3.525	5.875	1.319	0.408	 ]	score: 779.818	 	
4-	[	3.398	-8.459	-5.620	3.142	1.319	1.225	 ]	score: 1023.418	 	
5-	[	None ]

Nodo 10
1-	[	1.007	-6.501	-5.808	0.094	2.890	0.220	 ]	score: 686.026	 	
2-	[	1.007	-6.083	-8.980	0.942	0.408	3.864	 ]	score: 745.466	 	
3-	[	1.007	-6.083	-6.264	0.534	2.796	0.220	 ]	score: 882.447	 	
4-	[	2.114	-6.098	-5.220	1.257	2.765	3.142	 ]	score: 952.603	 	
5-	[	None ]

Nodo 11
1-	[	1.584	-6.538	-8.133	0.157	1.728	0.817	 ]	score: 582.500	 	
2-	[	0.459	-6.751	-7.147	2.639	1.948	5.278	 ]	score: 699.305	 	
3-	[	-0.557	-5.562	-6.131	5.781	1.194	0.817	 ]	score: 997.139	 	
4-	[	-0.825	-5.606	-6.679	0.063	1.948	0.817	 ]	score: 1091.954	 	
5-	[	None ]

Nodo 12
1-	[	3.335	-7.965	-8.133	0.628	1.194	3.738	 ]	score: 563.970	 	
2-	[	0.431	-8.495	-8.133	0.377	1.665	3.738	 ]	score: 593.183	 	
3-	[	3.880	-8.612	-8.942	0.503	1.005	3.738	 ]	score: 611.926	 	
4-	[	2.520	-5.982	-4.274	0.377	2.168	2.608	 ]	score: 1678.535	 	
5-	[	None ]

* Generation 4
**************************************************************************
Nodo 0
1-	[	0.590	-3.876	-4.422	6.032	1.979	6.252	 ]	score: 531.004	 	
2-	[	0.590	-3.989	-4.782	5.655	3.142	6.252	 ]	score: 535.024	 	
3-	[	0.756	-8.116	-8.809	0.628	1.665	3.738	 ]	score: 539.474	 	
4-	[	3.335	-7.965	-8.133	0.628	1.194	3.738	 ]	score: 563.970	 	
5-	[	-2.710	-1.000	-2.785	4.021	1.445	1.037	 ]	score: 3641.818	 	

Nodo 1
1-	[	0.229	-6.979	-8.133	5.843	1.477	1.100	 ]	score: 540.721	 	
2-	[	0.393	-8.446	-6.740	5.592	1.319	1.005	 ]	score: 592.035	 	
3-	[	-2.710	-2.007	-2.118	4.021	1.414	1.037	 ]	score: 3240.009	 	
4-	[	0.609	-3.848	-2.683	0.723	0.565	1.037	 ]	score: 3420.461	 	
5-	[	-2.710	-3.481	-4.026	4.021	1.885	5.121	 ]	score: 3729.507	 	

Nodo 2
1-	[	0.590	-3.989	-4.782	5.655	3.142	6.252	 ]	score: 535.024	 	
2-	[	0.756	-8.116	-8.809	0.628	1.665	3.738	 ]	score: 539.474	 	
3-	[	0.025	-8.384	-6.108	4.021	0.911	0.094	 ]	score: 1075.034	 	
4-	[	-3.046	-1.459	-2.052	4.021	1.445	1.037	 ]	score: 3158.976	 	
5-	[	-2.710	-2.380	-2.675	4.021	1.445	1.037	 ]	score: 3350.144	 	

Nodo 3
1-	[	1.583	-7.863	-7.857	0.503	1.665	3.738	 ]	score: 541.384	 	
2-	[	1.059	-7.537	-6.391	0.628	1.445	3.738	 ]	score: 571.353	 	
3-	[	5.548	-8.181	-9.088	2.576	0.942	3.738	 ]	score: 1058.654	 	
4-	[	-2.314	-3.295	-2.785	1.162	1.131	1.037	 ]	score: 3234.338	 	
5-	[	-2.710	-1.000	-2.785	4.021	1.445	1.037	 ]	score: 3641.818	 	

Nodo 4
1-	[	-1.356	-3.230	-6.465	5.466	0.597	0.628	 ]	score: 1543.949	 	
2-	[	-3.474	-2.033	-6.740	6.095	0.597	1.005	 ]	score: 1853.781	 	
3-	[	3.898	-5.473	-4.823	5.875	1.791	4.650	 ]	score: 2948.806	 	
4-	[	-3.246	-2.555	-5.634	1.696	0.817	1.005	 ]	score: 3154.872	 	
5-	[	-3.211	-2.033	-0.947	6.283	0.785	4.492	 ]	score: 4064.505	 	

Nodo 5
1-	[	0.662	-5.524	-4.898	2.702	1.445	0.754	 ]	score: 551.073	 	
2-	[	1.514	-4.823	-5.118	5.561	0.817	5.969	 ]	score: 595.928	 	
3-	[	0.393	-5.694	-5.164	2.482	1.665	0.471	 ]	score: 625.209	 	
4-	[	-0.907	-4.666	-5.657	1.696	2.859	5.969	 ]	score: 975.033	 	
5-	[	-2.055	-0.875	-4.898	1.696	1.414	0.754	 ]	score: 3339.601	 	

Nodo 6
1-	[	0.157	-6.398	-5.668	5.843	1.571	0.063	 ]	score: 637.401	 	
2-	[	1.637	-8.601	-5.861	1.822	2.356	0.848	 ]	score: 813.466	 	
3-	[	0.157	-8.738	-6.740	2.199	1.382	6.189	 ]	score: 1032.207	 	
4-	[	1.023	-8.587	-6.686	0.157	2.105	5.246	 ]	score: 1166.308	 	
5-	[	-3.468	-2.898	-3.666	0.848	2.105	5.246	 ]	score: 3452.020	 	

Nodo 7
1-	[	4.041	-8.538	-7.829	4.084	0.785	5.435	 ]	score: 824.697	 	
2-	[	3.081	-8.588	-5.701	3.142	0.660	4.273	 ]	score: 828.045	 	
3-	[	4.041	-6.488	-3.791	0.126	1.696	5.215	 ]	score: 1408.905	 	
4-	[	3.657	-4.167	-3.367	2.953	1.728	1.068	 ]	score: 1675.624	 	
5-	[	-3.110	-2.380	-2.675	4.021	1.288	1.037	 ]	score: 2726.864	 	

Nodo 8
1-	[	2.828	-8.549	-8.375	3.707	3.079	3.362	 ]	score: 588.241	 	
2-	[	2.828	-8.268	-7.934	6.000	3.079	3.362	 ]	score: 655.060	 	
3-	[	-0.444	-5.254	-5.667	2.231	1.037	0.094	 ]	score: 723.535	 	
4-	[	0.025	-8.904	-6.498	4.115	1.696	0.094	 ]	score: 839.458	 	
5-	[	0.088	-7.885	-4.886	2.293	2.293	4.210	 ]	score: 3324.534	 	

Nodo 9
1-	[	0.759	-3.797	-5.083	4.115	0.880	0.031	 ]	score: 541.806	 	
2-	[	3.081	-7.229	-7.057	2.450	1.508	4.273	 ]	score: 574.812	 	
3-	[	0.312	-3.917	-3.995	2.073	0.063	0.063	 ]	score: 593.678	 	
4-	[	0.759	-4.687	-3.525	5.875	1.319	0.408	 ]	score: 779.818	 	
5-	[	3.398	-8.459	-5.620	3.142	1.319	1.225	 ]	score: 1023.418	 	

Nodo 10
1-	[	0.475	-4.455	-4.112	5.812	1.539	0.126	 ]	score: 545.398	 	
2-	[	1.007	-6.501	-5.808	0.094	2.890	0.220	 ]	score: 686.026	 	
3-	[	1.007	-6.083	-8.980	0.942	0.408	3.864	 ]	score: 745.466	 	
4-	[	1.007	-6.083	-6.264	0.534	2.796	0.220	 ]	score: 882.447	 	
5-	[	2.114	-6.098	-5.220	1.257	2.765	3.142	 ]	score: 952.603	 	

Nodo 11
1-	[	1.584	-6.538	-8.133	0.157	1.728	0.817	 ]	score: 582.500	 	
2-	[	0.459	-6.751	-7.147	2.639	1.948	5.278	 ]	score: 699.305	 	
3-	[	-0.557	-5.562	-6.131	5.781	1.194	0.817	 ]	score: 997.139	 	
4-	[	-0.825	-5.606	-6.679	0.063	1.948	0.817	 ]	score: 1091.954	 	
5-	[	1.093	-3.511	-4.854	5.341	0.848	5.655	 ]	score: 1857.994	 	

Nodo 12
1-	[	3.335	-7.965	-8.133	0.628	1.194	3.738	 ]	score: 563.970	 	
2-	[	0.431	-8.495	-8.133	0.377	1.665	3.738	 ]	score: 593.183	 	
3-	[	3.880	-8.612	-8.942	0.503	1.005	3.738	 ]	score: 611.926	 	
4-	[	1.424	-8.721	-7.700	0.628	1.445	3.519	 ]	score: 617.882	 	
5-	[	2.520	-5.982	-4.274	0.377	2.168	2.608	 ]	score: 1678.535	 	

* Generation 5
**************************************************************************
Nodo 0
1-	[	0.593	-4.421	-4.435	5.466	2.419	0.000	 ]	score: 529.493	 	
2-	[	0.590	-3.876	-4.422	6.032	1.979	6.252	 ]	score: 531.004	 	
3-	[	0.590	-3.989	-4.782	5.655	3.142	6.252	 ]	score: 535.024	 	
4-	[	0.756	-8.116	-8.809	0.628	1.665	3.738	 ]	score: 539.474	 	
5-	[	3.335	-7.965	-8.133	0.628	1.194	3.738	 ]	score: 563.970	 	

Nodo 1
1-	[	0.229	-6.979	-8.133	5.843	1.477	1.100	 ]	score: 540.721	 	
2-	[	0.393	-8.446	-6.740	5.592	1.319	1.005	 ]	score: 592.035	 	
3-	[	-3.637	-3.093	-4.304	3.864	1.131	1.288	 ]	score: 2182.160	 	
4-	[	-2.710	-2.007	-2.118	4.021	1.414	1.037	 ]	score: 3240.009	 	
5-	[	0.609	-3.848	-2.683	0.723	0.565	1.037	 ]	score: 3420.461	 	

Nodo 2
1-	[	0.590	-3.876	-4.422	6.032	1.979	6.252	 ]	score: 531.004	 	
2-	[	0.756	-8.116	-8.809	0.628	1.665	3.738	 ]	score: 539.474	 	
3-	[	0.025	-7.183	-5.849	2.513	1.602	0.534	 ]	score: 918.343	 	
4-	[	0.025	-8.384	-6.108	4.021	0.911	0.094	 ]	score: 1075.034	 	
5-	[	-3.046	-1.459	-2.052	4.021	1.445	1.037	 ]	score: 3158.976	 	

Nodo 3
1-	[	1.583	-7.863	-7.857	0.503	1.665	3.738	 ]	score: 541.384	 	
2-	[	1.059	-7.537	-6.391	0.628	1.445	3.738	 ]	score: 571.353	 	
3-	[	5.548	-8.181	-9.088	2.576	0.942	3.738	 ]	score: 1058.654	 	
4-	[	-2.997	-3.420	-3.197	4.021	1.131	1.225	 ]	score: 2317.988	 	
5-	[	-2.314	-3.295	-2.785	1.162	1.131	1.037	 ]	score: 3234.338	 	

Nodo 4
1-	[	1.290	-6.221	-8.595	3.456	1.068	5.121	 ]	score: 1538.293	 	
2-	[	-1.356	-3.230	-6.465	5.466	0.597	0.628	 ]	score: 1543.949	 	
3-	[	-3.474	-2.033	-6.740	6.095	0.597	1.005	 ]	score: 1853.781	 	
4-	[	3.898	-5.473	-4.823	5.875	1.791	4.650	 ]	score: 2948.806	 	
5-	[	-3.246	-2.555	-5.634	1.696	0.817	1.005	 ]	score: 3154.872	 	

Nodo 5
1-	[	0.662	-5.524	-4.898	2.702	1.445	0.754	 ]	score: 551.073	 	
2-	[	1.514	-4.823	-5.118	5.561	0.817	5.969	 ]	score: 595.928	 	
3-	[	0.393	-5.694	-5.164	2.482	1.665	0.471	 ]	score: 625.209	 	
4-	[	-0.907	-4.666	-5.657	1.696	2.859	5.969	 ]	score: 975.033	 	
5-	[	-3.750	-0.847	-6.611	4.021	1.319	0.754	 ]	score: 2357.137	 	

Nodo 6
1-	[	0.157	-6.398	-5.668	5.843	1.571	0.063	 ]	score: 637.401	 	
2-	[	1.637	-8.601	-5.861	1.822	2.356	0.848	 ]	score: 813.466	 	
3-	[	0.157	-8.738	-6.740	2.199	1.382	6.189	 ]	score: 1032.207	 	
4-	[	1.023	-8.587	-6.686	0.157	2.105	5.246	 ]	score: 1166.308	 	
5-	[	-3.468	-2.898	-3.666	0.848	2.105	5.246	 ]	score: 3452.020	 	

Nodo 7
1-	[	4.041	-8.538	-7.829	4.084	0.785	5.435	 ]	score: 824.697	 	
2-	[	3.081	-8.588	-5.701	3.142	0.660	4.273	 ]	score: 828.045	 	
3-	[	4.041	-6.488	-3.791	0.126	1.696	5.215	 ]	score: 1408.905	 	
4-	[	3.657	-4.167	-3.367	2.953	1.728	1.068	 ]	score: 1675.624	 	
5-	[	-3.110	-2.380	-2.675	4.021	1.288	1.037	 ]	score: 2726.864	 	

Nodo 8
1-	[	2.828	-8.549	-8.375	3.707	3.079	3.362	 ]	score: 588.241	 	
2-	[	2.828	-8.268	-7.934	6.000	3.079	3.362	 ]	score: 655.060	 	
3-	[	-0.444	-5.254	-5.667	2.231	1.037	0.094	 ]	score: 723.535	 	
4-	[	0.025	-8.904	-6.498	4.115	1.696	0.094	 ]	score: 839.458	 	
5-	[	2.407	-6.965	-4.782	4.178	0.126	3.362	 ]	score: 1330.645	 	

Nodo 9
1-	[	0.590	-3.989	-4.782	5.655	3.142	6.252	 ]	score: 535.024	 	
2-	[	0.759	-3.797	-5.083	4.115	0.880	0.031	 ]	score: 541.806	 	
3-	[	3.081	-7.229	-7.057	2.450	1.508	4.273	 ]	score: 574.812	 	
4-	[	0.312	-3.917	-3.995	2.073	0.063	0.063	 ]	score: 593.678	 	
5-	[	0.759	-4.687	-3.525	5.875	1.319	0.408	 ]	score: 779.818	 	

Nodo 10
1-	[	2.082	-8.707	-8.321	0.628	1.634	3.644	 ]	score: 542.253	 	
2-	[	0.475	-4.455	-4.112	5.812	1.539	0.126	 ]	score: 545.398	 	
3-	[	1.007	-6.501	-5.808	0.094	2.890	0.220	 ]	score: 686.026	 	
4-	[	1.007	-6.083	-8.980	0.942	0.408	3.864	 ]	score: 745.466	 	
5-	[	1.007	-6.083	-6.264	0.534	2.796	0.220	 ]	score: 882.447	 	

Nodo 11
1-	[	1.584	-6.538	-8.133	0.157	1.728	0.817	 ]	score: 582.500	 	
2-	[	0.459	-6.751	-7.147	2.639	1.948	5.278	 ]	score: 699.305	 	
3-	[	3.432	-7.584	-6.707	1.162	2.042	0.723	 ]	score: 740.775	 	
4-	[	-0.557	-5.562	-6.131	5.781	1.194	0.817	 ]	score: 997.139	 	
5-	[	-0.825	-5.606	-6.679	0.063	1.948	0.817	 ]	score: 1091.954	 	

Nodo 12
1-	[	2.452	-8.872	-8.478	0.597	1.319	3.738	 ]	score: 543.422	 	
2-	[	3.335	-7.965	-8.133	0.628	1.194	3.738	 ]	score: 563.970	 	
3-	[	0.431	-8.495	-8.133	0.377	1.665	3.738	 ]	score: 593.183	 	
4-	[	3.880	-8.612	-8.942	0.503	1.005	3.738	 ]	score: 611.926	 	
5-	[	1.424	-8.721	-7.700	0.628	1.445	3.519	 ]	score: 617.882	 	

* Generation 6
**************************************************************************
Nodo 0
1-	[	0.593	-4.421	-4.435	5.466	2.419	0.000	 ]	score: 529.493	 	
2-	[	0.590	-3.876	-4.422	6.032	1.979	6.252	 ]	score: 531.004	 	
3-	[	0.590	-3.989	-4.782	5.655	3.142	6.252	 ]	score: 535.024	 	
4-	[	0.756	-8.116	-8.809	0.628	1.665	3.738	 ]	score: 539.474	 	
5-	[	3.335	-7.965	-8.133	0.628	1.194	3.738	 ]	score: 563.970	 	

Nodo 1
1-	[	0.229	-6.979	-8.133	5.843	1.477	1.100	 ]	score: 540.721	 	
2-	[	0.393	-8.215	-7.206	5.592	1.445	1.351	 ]	score: 544.534	 	
3-	[	0.393	-8.446	-6.740	5.592	1.319	1.005	 ]	score: 592.035	 	
4-	[	-3.637	-3.093	-4.304	3.864	1.131	1.288	 ]	score: 2182.160	 	
5-	[	-2.710	-2.007	-2.118	4.021	1.414	1.037	 ]	score: 3240.009	 	

Nodo 2
1-	[	0.590	-3.876	-4.422	6.032	1.979	6.252	 ]	score: 531.004	 	
2-	[	0.756	-8.116	-8.809	0.628	1.665	3.738	 ]	score: 539.474	 	
3-	[	2.479	-7.029	-7.382	0.628	1.916	0.471	 ]	score: 742.654	 	
4-	[	0.025	-7.183	-5.849	2.513	1.602	0.534	 ]	score: 918.343	 	
5-	[	0.025	-8.384	-6.108	4.021	0.911	0.094	 ]	score: 1075.034	 	

Nodo 3
1-	[	1.583	-7.863	-7.857	0.503	1.665	3.738	 ]	score: 541.384	 	
2-	[	1.059	-7.537	-6.391	0.628	1.445	3.738	 ]	score: 571.353	 	
3-	[	2.115	-8.102	-8.207	4.430	1.665	3.738	 ]	score: 826.705	 	
4-	[	5.548	-8.181	-9.088	2.576	0.942	3.738	 ]	score: 1058.654	 	
5-	[	-2.997	-3.420	-3.197	4.021	1.131	1.225	 ]	score: 2317.988	 	

Nodo 4
1-	[	1.290	-6.221	-8.595	3.456	1.068	5.121	 ]	score: 1538.293	 	
2-	[	-1.356	-3.230	-6.465	5.466	0.597	0.628	 ]	score: 1543.949	 	
3-	[	-3.474	-2.033	-6.740	6.095	0.597	1.005	 ]	score: 1853.781	 	
4-	[	-2.960	-0.652	-6.595	4.084	1.414	0.911	 ]	score: 2357.164	 	
5-	[	3.898	-5.473	-4.823	5.875	1.791	4.650	 ]	score: 2948.806	 	

Nodo 5
1-	[	0.662	-5.524	-4.898	2.702	1.445	0.754	 ]	score: 551.073	 	
2-	[	3.704	-8.446	-8.674	5.529	0.000	2.765	 ]	score: 590.515	 	
3-	[	1.514	-4.823	-5.118	5.561	0.817	5.969	 ]	score: 595.928	 	
4-	[	0.393	-5.694	-5.164	2.482	1.665	0.471	 ]	score: 625.209	 	
5-	[	-0.907	-4.666	-5.657	1.696	2.859	5.969	 ]	score: 975.033	 	

Nodo 6
1-	[	0.157	-6.398	-5.668	5.843	1.571	0.063	 ]	score: 637.401	 	
2-	[	1.637	-8.601	-5.861	1.822	2.356	0.848	 ]	score: 813.466	 	
3-	[	1.023	-6.664	-7.089	2.576	1.477	5.246	 ]	score: 839.439	 	
4-	[	0.157	-8.738	-6.740	2.199	1.382	6.189	 ]	score: 1032.207	 	
5-	[	1.023	-8.587	-6.686	0.157	2.105	5.246	 ]	score: 1166.308	 	

Nodo 7
1-	[	4.041	-8.538	-7.829	4.084	0.785	5.435	 ]	score: 824.697	 	
2-	[	3.081	-8.588	-5.701	3.142	0.660	4.273	 ]	score: 828.045	 	
3-	[	2.795	-4.644	-2.010	2.953	1.728	1.068	 ]	score: 1153.783	 	
4-	[	4.041	-6.488	-3.791	0.126	1.696	5.215	 ]	score: 1408.905	 	
5-	[	3.657	-4.167	-3.367	2.953	1.728	1.068	 ]	score: 1675.624	 	

Nodo 8
1-	[	3.226	-8.104	-7.558	3.770	1.854	2.670	 ]	score: 549.218	 	
2-	[	2.828	-8.549	-8.375	3.707	3.079	3.362	 ]	score: 588.241	 	
3-	[	2.828	-8.268	-7.934	6.000	3.079	3.362	 ]	score: 655.060	 	
4-	[	-0.444	-5.254	-5.667	2.231	1.037	0.094	 ]	score: 723.535	 	
5-	[	0.025	-8.904	-6.498	4.115	1.696	0.094	 ]	score: 839.458	 	

Nodo 9
1-	[	0.590	-3.989	-4.782	5.655	3.142	6.252	 ]	score: 535.024	 	
2-	[	0.759	-3.797	-5.083	4.115	0.880	0.031	 ]	score: 541.806	 	
3-	[	-0.115	-5.976	-7.057	2.450	1.539	4.273	 ]	score: 555.819	 	
4-	[	3.081	-7.229	-7.057	2.450	1.508	4.273	 ]	score: 574.812	 	
5-	[	0.312	-3.917	-3.995	2.073	0.063	0.063	 ]	score: 593.678	 	

Nodo 10
1-	[	2.082	-8.707	-8.321	0.628	1.634	3.644	 ]	score: 542.253	 	
2-	[	0.475	-4.455	-4.112	5.812	1.539	0.126	 ]	score: 545.398	 	
3-	[	1.020	-7.199	-7.696	3.016	1.539	5.749	 ]	score: 622.810	 	
4-	[	1.007	-6.501	-5.808	0.094	2.890	0.220	 ]	score: 686.026	 	
5-	[	1.007	-6.083	-8.980	0.942	0.408	3.864	 ]	score: 745.466	 	

Nodo 11
1-	[	1.584	-6.538	-8.133	0.157	1.728	0.817	 ]	score: 582.500	 	
2-	[	-0.313	-8.250	-7.819	5.875	1.948	0.817	 ]	score: 604.339	 	
3-	[	0.459	-6.751	-7.147	2.639	1.948	5.278	 ]	score: 699.305	 	
4-	[	3.432	-7.584	-6.707	1.162	2.042	0.723	 ]	score: 740.775	 	
5-	[	-0.557	-5.562	-6.131	5.781	1.194	0.817	 ]	score: 997.139	 	

Nodo 12
1-	[	2.452	-8.872	-8.478	0.597	1.319	3.738	 ]	score: 543.422	 	
2-	[	3.335	-7.965	-8.133	0.628	1.194	3.738	 ]	score: 563.970	 	
3-	[	0.431	-8.495	-8.133	0.377	1.665	3.738	 ]	score: 593.183	 	
4-	[	3.880	-8.612	-8.942	0.503	1.005	3.738	 ]	score: 611.926	 	
5-	[	1.424	-8.721	-7.700	0.628	1.445	3.519	 ]	score: 617.882	 	

* Generation 7
**************************************************************************
Nodo 0
1-	[	0.593	-4.421	-4.435	5.466	2.419	0.000	 ]	score: 529.493	 	
2-	[	0.590	-3.876	-4.422	6.032	1.979	6.252	 ]	score: 531.004	 	
3-	[	0.590	-3.989	-4.782	5.655	3.142	6.252	 ]	score: 535.024	 	
4-	[	0.756	-8.116	-8.809	0.628	1.665	3.738	 ]	score: 539.474	 	
5-	[	3.335	-7.965	-8.133	0.628	1.194	3.738	 ]	score: 563.970	 	

Nodo 1
1-	[	0.229	-6.979	-8.133	5.843	1.477	1.100	 ]	score: 540.721	 	
2-	[	0.393	-8.215	-7.206	5.592	1.445	1.351	 ]	score: 544.534	 	
3-	[	0.393	-8.446	-6.740	5.592	1.319	1.005	 ]	score: 592.035	 	
4-	[	0.229	-5.957	-4.551	4.210	0.848	0.031	 ]	score: 605.616	 	
5-	[	-3.637	-3.093	-4.304	3.864	1.131	1.288	 ]	score: 2182.160	 	

Nodo 2
1-	[	0.590	-3.876	-4.422	6.032	1.979	6.252	 ]	score: 531.004	 	
2-	[	0.756	-8.116	-8.809	0.628	1.665	3.738	 ]	score: 539.474	 	
3-	[	0.025	-5.857	-4.888	3.581	1.508	0.000	 ]	score: 581.760	 	
4-	[	2.479	-7.029	-7.382	0.628	1.916	0.471	 ]	score: 742.654	 	
5-	[	0.025	-7.183	-5.849	2.513	1.602	0.534	 ]	score: 918.343	 	

Nodo 3
1-	[	1.583	-7.863	-7.857	0.503	1.665	3.738	 ]	score: 541.384	 	
2-	[	1.059	-7.537	-6.391	0.628	1.445	3.738	 ]	score: 571.353	 	
3-	[	2.115	-8.102	-8.207	4.430	1.665	3.738	 ]	score: 826.705	 	
4-	[	5.548	-8.181	-9.088	2.576	0.942	3.738	 ]	score: 1058.654	 	
5-	[	1.583	-8.116	-8.809	1.194	1.288	3.581	 ]	score: 1147.240	 	

Nodo 4
1-	[	1.913	-3.572	-3.930	2.388	1.414	0.628	 ]	score: 949.886	 	
2-	[	1.290	-6.221	-8.595	3.456	1.068	5.121	 ]	score: 1538.293	 	
3-	[	-1.356	-3.230	-6.465	5.466	0.597	0.628	 ]	score: 1543.949	 	
4-	[	-3.474	-2.033	-6.740	6.095	0.597	1.005	 ]	score: 1853.781	 	
5-	[	-2.960	-0.652	-6.595	4.084	1.414	0.911	 ]	score: 2357.164	 	

Nodo 5
1-	[	-0.012	-7.213	-6.556	5.561	1.414	1.037	 ]	score: 543.379	 	
2-	[	0.662	-5.524	-4.898	2.702	1.445	0.754	 ]	score: 551.073	 	
3-	[	3.704	-8.446	-8.674	5.529	0.000	2.765	 ]	score: 590.515	 	
4-	[	1.514	-4.823	-5.118	5.561	0.817	5.969	 ]	score: 595.928	 	
5-	[	0.393	-5.694	-5.164	2.482	1.665	0.471	 ]	score: 625.209	 	

Nodo 6
1-	[	0.157	-6.398	-5.668	5.843	1.571	0.063	 ]	score: 637.401	 	
2-	[	1.637	-8.601	-5.861	1.822	2.356	0.848	 ]	score: 813.466	 	
3-	[	1.023	-6.664	-7.089	2.576	1.477	5.246	 ]	score: 839.439	 	
4-	[	3.343	-8.738	-7.206	3.424	0.723	2.702	 ]	score: 848.367	 	
5-	[	0.157	-8.738	-6.740	2.199	1.382	6.189	 ]	score: 1032.207	 	

Nodo 7
1-	[	4.041	-8.538	-7.829	4.084	0.785	5.435	 ]	score: 824.697	 	
2-	[	3.081	-8.588	-5.701	3.142	0.660	4.273	 ]	score: 828.045	 	
3-	[	2.795	-4.644	-2.010	2.953	1.728	1.068	 ]	score: 1153.783	 	
4-	[	4.041	-6.488	-3.791	0.126	1.696	5.215	 ]	score: 1408.905	 	
5-	[	2.763	-3.440	-2.387	2.953	1.728	0.911	 ]	score: 1582.592	 	

Nodo 8
1-	[	3.226	-8.104	-7.558	3.770	1.854	2.670	 ]	score: 549.218	 	
2-	[	2.828	-8.549	-8.375	3.707	3.079	3.362	 ]	score: 588.241	 	
3-	[	2.828	-8.268	-7.934	6.000	3.079	3.362	 ]	score: 655.060	 	
4-	[	-0.444	-5.254	-5.667	2.231	1.037	0.094	 ]	score: 723.535	 	
5-	[	0.025	-8.904	-6.498	4.115	1.696	0.094	 ]	score: 839.458	 	

Nodo 9
1-	[	0.590	-3.989	-4.782	5.655	3.142	6.252	 ]	score: 535.024	 	
2-	[	0.590	-3.876	-4.422	2.545	1.728	0.251	 ]	score: 536.692	 	
3-	[	0.759	-3.797	-5.083	4.115	0.880	0.031	 ]	score: 541.806	 	
4-	[	-0.115	-5.976	-7.057	2.450	1.539	4.273	 ]	score: 555.819	 	
5-	[	3.081	-7.229	-7.057	2.450	1.508	4.273	 ]	score: 574.812	 	

Nodo 10
1-	[	2.082	-8.707	-8.321	0.628	1.634	3.644	 ]	score: 542.253	 	
2-	[	0.475	-4.455	-4.112	5.812	1.539	0.126	 ]	score: 545.398	 	
3-	[	1.020	-7.199	-7.696	3.016	1.539	5.749	 ]	score: 622.810	 	
4-	[	1.007	-6.501	-5.808	0.094	2.890	0.220	 ]	score: 686.026	 	
5-	[	1.583	-4.568	-3.713	5.592	1.948	0.220	 ]	score: 686.532	 	

Nodo 11
1-	[	1.584	-6.538	-8.133	0.157	1.728	0.817	 ]	score: 582.500	 	
2-	[	-0.313	-8.250	-7.819	5.875	1.948	0.817	 ]	score: 604.339	 	
3-	[	0.325	-7.863	-7.585	6.283	2.011	0.723	 ]	score: 681.775	 	
4-	[	0.459	-6.751	-7.147	2.639	1.948	5.278	 ]	score: 699.305	 	
5-	[	3.432	-7.584	-6.707	1.162	2.042	0.723	 ]	score: 740.775	 	

Nodo 12
1-	[	2.452	-8.872	-8.478	0.597	1.319	3.738	 ]	score: 543.422	 	
2-	[	3.335	-7.965	-8.133	0.628	1.194	3.738	 ]	score: 563.970	 	
3-	[	0.431	-8.495	-8.133	0.377	1.665	3.738	 ]	score: 593.183	 	
4-	[	3.880	-8.612	-8.942	0.503	1.005	3.738	 ]	score: 611.926	 	
5-	[	1.424	-8.721	-7.700	0.628	1.445	3.519	 ]	score: 617.882	 	

* Generation 8
**************************************************************************
Nodo 0
1-	[	0.593	-4.421	-4.435	5.466	2.419	0.000	 ]	score: 529.493	 	
2-	[	0.590	-3.876	-4.422	6.032	1.979	6.252	 ]	score: 531.004	 	
3-	[	0.590	-3.989	-4.782	5.655	3.142	6.252	 ]	score: 535.024	 	
4-	[	0.756	-8.116	-8.809	0.628	1.665	3.738	 ]	score: 539.474	 	
5-	[	3.335	-7.965	-8.133	0.628	1.194	3.738	 ]	score: 563.970	 	

Nodo 1
1-	[	0.810	-5.163	-4.618	3.927	2.482	6.283	 ]	score: 536.757	 	
2-	[	0.393	-8.215	-7.206	5.592	1.445	1.351	 ]	score: 544.534	 	
3-	[	0.393	-8.446	-6.740	5.592	1.319	1.005	 ]	score: 592.035	 	
4-	[	0.229	-5.957	-4.551	4.210	0.848	0.031	 ]	score: 605.616	 	
5-	[	0.892	-4.781	-7.649	5.781	1.319	1.696	 ]	score: 808.697	 	

Nodo 2
1-	[	0.590	-3.876	-4.422	6.032	1.979	6.252	 ]	score: 531.004	 	
2-	[	0.756	-8.116	-8.809	0.628	1.665	3.738	 ]	score: 539.474	 	
3-	[	0.025	-5.857	-4.888	3.581	1.508	0.000	 ]	score: 581.760	 	
4-	[	2.479	-7.029	-7.382	0.628	1.916	0.471	 ]	score: 742.654	 	
5-	[	0.025	-7.183	-5.849	2.513	1.602	0.534	 ]	score: 918.343	 	

Nodo 3
1-	[	1.583	-7.863	-7.857	0.503	1.665	3.738	 ]	score: 541.384	 	
2-	[	1.059	-7.537	-6.391	0.628	1.445	3.738	 ]	score: 571.353	 	
3-	[	2.115	-8.102	-8.207	4.430	1.665	3.738	 ]	score: 826.705	 	
4-	[	5.548	-8.181	-9.088	4.587	0.660	2.325	 ]	score: 993.306	 	
5-	[	5.548	-8.181	-9.088	2.576	0.942	3.738	 ]	score: 1058.654	 	

Nodo 4
1-	[	1.913	-3.572	-3.930	2.388	1.414	0.628	 ]	score: 949.886	 	
2-	[	0.393	-8.446	-5.839	3.896	0.785	0.126	 ]	score: 1003.538	 	
3-	[	1.290	-6.221	-8.595	3.456	1.068	5.121	 ]	score: 1538.293	 	
4-	[	-1.356	-3.230	-6.465	5.466	0.597	0.628	 ]	score: 1543.949	 	
5-	[	-3.474	-2.033	-6.740	6.095	0.597	1.005	 ]	score: 1853.781	 	

Nodo 5
1-	[	-0.012	-7.213	-6.556	5.561	1.414	1.037	 ]	score: 543.379	 	
2-	[	0.662	-5.524	-4.898	2.702	1.445	0.754	 ]	score: 551.073	 	
3-	[	3.704	-8.446	-8.674	5.529	0.000	2.765	 ]	score: 590.515	 	
4-	[	1.514	-4.823	-5.118	5.561	0.817	5.969	 ]	score: 595.928	 	
5-	[	0.393	-5.694	-5.164	2.482	1.665	0.471	 ]	score: 625.209	 	

Nodo 6
1-	[	0.229	-6.979	-8.133	5.843	1.477	1.100	 ]	score: 540.721	 	
2-	[	0.157	-6.398	-5.668	5.843	1.571	0.063	 ]	score: 637.401	 	
3-	[	1.637	-8.601	-5.861	1.822	2.356	0.848	 ]	score: 813.466	 	
4-	[	1.023	-6.664	-7.089	2.576	1.477	5.246	 ]	score: 839.439	 	
5-	[	3.343	-8.738	-7.206	3.424	0.723	2.702	 ]	score: 848.367	 	

Nodo 7
1-	[	0.159	-5.208	-4.422	0.817	2.325	6.158	 ]	score: 573.004	 	
2-	[	4.041	-8.538	-7.829	4.084	0.785	5.435	 ]	score: 824.697	 	
3-	[	3.081	-8.588	-5.701	3.142	0.660	4.273	 ]	score: 828.045	 	
4-	[	2.795	-4.644	-2.010	2.953	1.728	1.068	 ]	score: 1153.783	 	
5-	[	4.041	-6.488	-3.791	0.126	1.696	5.215	 ]	score: 1408.905	 	

Nodo 8
1-	[	3.226	-8.104	-7.558	3.770	1.854	2.670	 ]	score: 549.218	 	
2-	[	2.828	-8.549	-8.375	3.707	3.079	3.362	 ]	score: 588.241	 	
3-	[	2.828	-8.268	-7.934	6.000	3.079	3.362	 ]	score: 655.060	 	
4-	[	-0.444	-5.254	-5.667	2.231	1.037	0.094	 ]	score: 723.535	 	
5-	[	0.025	-8.904	-6.498	4.115	1.696	0.094	 ]	score: 839.458	 	

Nodo 9
1-	[	0.590	-3.989	-4.782	5.655	3.142	6.252	 ]	score: 535.024	 	
2-	[	0.590	-3.876	-4.422	2.545	1.728	0.251	 ]	score: 536.692	 	
3-	[	0.759	-3.797	-5.083	4.115	0.880	0.031	 ]	score: 541.806	 	
4-	[	-0.115	-5.976	-7.057	2.450	1.539	4.273	 ]	score: 555.819	 	
5-	[	3.081	-7.229	-7.057	2.450	1.508	4.273	 ]	score: 574.812	 	

Nodo 10
1-	[	2.082	-8.707	-8.321	0.628	1.634	3.644	 ]	score: 542.253	 	
2-	[	0.475	-4.455	-4.112	5.812	1.539	0.126	 ]	score: 545.398	 	
3-	[	1.020	-7.199	-7.696	3.016	1.539	5.749	 ]	score: 622.810	 	
4-	[	1.007	-6.501	-5.808	0.094	2.890	0.220	 ]	score: 686.026	 	
5-	[	1.583	-4.568	-3.713	5.592	1.948	0.220	 ]	score: 686.532	 	

Nodo 11
1-	[	1.584	-6.538	-8.133	0.157	1.728	0.817	 ]	score: 582.500	 	
2-	[	-0.313	-8.250	-7.819	5.875	1.948	0.817	 ]	score: 604.339	 	
3-	[	1.881	-8.181	-8.663	0.660	0.251	3.738	 ]	score: 605.499	 	
4-	[	0.325	-7.863	-7.585	6.283	2.011	0.723	 ]	score: 681.775	 	
5-	[	0.459	-6.751	-7.147	2.639	1.948	5.278	 ]	score: 699.305	 	

Nodo 12
1-	[	2.452	-8.872	-8.478	0.597	1.319	3.738	 ]	score: 543.422	 	
2-	[	3.335	-7.965	-8.133	0.628	1.194	3.738	 ]	score: 563.970	 	
3-	[	0.431	-8.495	-8.133	0.377	1.665	3.738	 ]	score: 593.183	 	
4-	[	3.880	-8.612	-8.942	0.503	1.005	3.738	 ]	score: 611.926	 	
5-	[	1.424	-8.721	-7.700	0.628	1.445	3.519	 ]	score: 617.882	 	

* Generation 9
**************************************************************************
Nodo 0
1-	[	0.593	-4.421	-4.435	5.466	2.419	0.000	 ]	score: 529.493	 	
2-	[	0.590	-3.876	-4.422	6.032	1.979	6.252	 ]	score: 531.004	 	
3-	[	0.590	-3.989	-4.782	5.655	3.142	6.252	 ]	score: 535.024	 	
4-	[	0.756	-8.116	-8.809	0.628	1.665	3.738	 ]	score: 539.474	 	
5-	[	3.335	-7.965	-8.133	0.628	1.194	3.738	 ]	score: 563.970	 	

Nodo 1
1-	[	0.810	-5.163	-4.618	3.927	2.482	6.283	 ]	score: 536.757	 	
2-	[	0.685	-8.116	-8.680	0.628	1.634	3.738	 ]	score: 539.337	 	
3-	[	0.393	-8.215	-7.206	5.592	1.445	1.351	 ]	score: 544.534	 	
4-	[	0.393	-8.446	-6.740	5.592	1.319	1.005	 ]	score: 592.035	 	
5-	[	0.229	-5.957	-4.551	4.210	0.848	0.031	 ]	score: 605.616	 	

Nodo 2
1-	[	0.590	-3.876	-4.422	6.032	1.979	6.252	 ]	score: 531.004	 	
2-	[	0.756	-8.116	-8.809	0.628	1.665	3.738	 ]	score: 539.474	 	
3-	[	0.025	-5.857	-4.888	3.581	1.508	0.000	 ]	score: 581.760	 	
4-	[	1.985	-3.636	-4.422	2.670	1.382	0.063	 ]	score: 612.216	 	
5-	[	2.479	-7.029	-7.382	0.628	1.916	0.471	 ]	score: 742.654	 	

Nodo 3
1-	[	1.583	-7.863	-7.857	0.503	1.665	3.738	 ]	score: 541.384	 	
2-	[	1.059	-7.537	-6.391	0.628	1.445	3.738	 ]	score: 571.353	 	
3-	[	-0.112	-4.011	-5.007	1.602	2.325	6.252	 ]	score: 677.838	 	
4-	[	2.115	-8.102	-8.207	4.430	1.665	3.738	 ]	score: 826.705	 	
5-	[	5.548	-8.181	-9.088	4.587	0.660	2.325	 ]	score: 993.306	 	

Nodo 4
1-	[	1.913	-3.572	-3.930	2.388	1.414	0.628	 ]	score: 949.886	 	
2-	[	0.393	-8.446	-5.839	3.896	0.785	0.126	 ]	score: 1003.538	 	
3-	[	1.290	-6.221	-8.595	3.456	1.068	5.121	 ]	score: 1538.293	 	
4-	[	-1.356	-3.230	-6.465	5.466	0.597	0.628	 ]	score: 1543.949	 	
5-	[	-3.474	-2.033	-6.740	6.095	0.597	1.005	 ]	score: 1853.781	 	

Nodo 5
1-	[	-0.012	-7.213	-6.556	5.561	1.414	1.037	 ]	score: 543.379	 	
2-	[	0.662	-5.524	-4.898	2.702	1.445	0.754	 ]	score: 551.073	 	
3-	[	3.704	-8.446	-8.674	5.529	0.000	2.765	 ]	score: 590.515	 	
4-	[	1.514	-4.823	-5.118	5.561	0.817	5.969	 ]	score: 595.928	 	
5-	[	-0.012	-6.681	-6.301	5.561	1.319	0.848	 ]	score: 597.837	 	

Nodo 6
1-	[	0.229	-6.979	-8.133	5.843	1.477	1.100	 ]	score: 540.721	 	
2-	[	1.125	-3.779	-3.650	0.754	1.916	0.063	 ]	score: 563.139	 	
3-	[	0.157	-6.398	-5.668	5.843	1.571	0.063	 ]	score: 637.401	 	
4-	[	1.637	-8.601	-5.861	1.822	2.356	0.848	 ]	score: 813.466	 	
5-	[	1.023	-6.664	-7.089	2.576	1.477	5.246	 ]	score: 839.439	 	

Nodo 7
1-	[	0.159	-5.208	-4.422	0.817	2.325	6.158	 ]	score: 573.004	 	
2-	[	2.071	-8.472	-6.380	1.759	2.073	1.162	 ]	score: 608.442	 	
3-	[	4.041	-8.538	-7.829	4.084	0.785	5.435	 ]	score: 824.697	 	
4-	[	3.081	-8.588	-5.701	3.142	0.660	4.273	 ]	score: 828.045	 	
5-	[	2.795	-4.644	-2.010	2.953	1.728	1.068	 ]	score: 1153.783	 	

Nodo 8
1-	[	3.226	-8.104	-7.558	3.770	1.854	2.670	 ]	score: 549.218	 	
2-	[	2.828	-8.549	-8.375	3.707	3.079	3.362	 ]	score: 588.241	 	
3-	[	2.828	-8.268	-7.934	6.000	3.079	3.362	 ]	score: 655.060	 	
4-	[	-0.444	-5.254	-5.667	2.231	1.037	0.094	 ]	score: 723.535	 	
5-	[	1.922	-5.956	-7.697	4.053	1.885	2.513	 ]	score: 751.879	 	

Nodo 9
1-	[	0.515	-4.365	-4.624	1.728	2.168	0.094	 ]	score: 534.978	 	
2-	[	0.590	-3.989	-4.782	5.655	3.142	6.252	 ]	score: 535.024	 	
3-	[	0.590	-3.876	-4.422	2.545	1.728	0.251	 ]	score: 536.692	 	
4-	[	0.759	-3.797	-5.083	4.115	0.880	0.031	 ]	score: 541.806	 	
5-	[	-0.115	-5.976	-7.057	2.450	1.539	4.273	 ]	score: 555.819	 	

Nodo 10
1-	[	2.082	-8.707	-8.321	0.628	1.634	3.644	 ]	score: 542.253	 	
2-	[	0.475	-4.455	-4.112	5.812	1.539	0.126	 ]	score: 545.398	 	
3-	[	1.020	-7.199	-7.696	3.016	1.539	5.749	 ]	score: 622.810	 	
4-	[	1.007	-6.501	-5.808	0.094	2.890	0.220	 ]	score: 686.026	 	
5-	[	1.583	-4.568	-3.713	5.592	1.948	0.220	 ]	score: 686.532	 	

Nodo 11
1-	[	1.584	-6.538	-8.133	0.157	1.728	0.817	 ]	score: 582.500	 	
2-	[	-0.313	-8.250	-7.819	5.875	1.948	0.817	 ]	score: 604.339	 	
3-	[	1.881	-8.181	-8.663	0.660	0.251	3.738	 ]	score: 605.499	 	
4-	[	0.325	-7.863	-7.585	6.283	2.011	0.723	 ]	score: 681.775	 	
5-	[	1.695	-8.681	-8.685	3.204	1.037	5.278	 ]	score: 686.706	 	

Nodo 12
1-	[	2.452	-8.872	-8.478	0.597	1.319	3.738	 ]	score: 543.422	 	
2-	[	3.335	-7.965	-8.133	0.628	1.194	3.738	 ]	score: 563.970	 	
3-	[	0.431	-8.495	-8.133	0.377	1.665	3.738	 ]	score: 593.183	 	
4-	[	3.880	-8.612	-8.942	0.503	1.005	3.738	 ]	score: 611.926	 	
5-	[	1.424	-8.721	-7.700	0.628	1.445	3.519	 ]	score: 617.882	 	

* Generation 10
**************************************************************************
Nodo 0
1-	[	0.593	-4.421	-4.435	5.466	2.419	0.000	 ]	score: 529.493	 	
2-	[	0.590	-3.876	-4.422	6.032	1.979	6.252	 ]	score: 531.004	 	
3-	[	0.590	-3.989	-4.782	5.655	3.142	6.252	 ]	score: 535.024	 	
4-	[	0.756	-8.116	-8.809	0.628	1.665	3.738	 ]	score: 539.474	 	
5-	[	3.335	-7.965	-8.133	0.628	1.194	3.738	 ]	score: 563.970	 	

Nodo 1
1-	[	0.821	-3.837	-4.508	5.435	1.477	0.000	 ]	score: 529.946	 	
2-	[	0.810	-5.163	-4.618	3.927	2.482	6.283	 ]	score: 536.757	 	
3-	[	0.685	-8.116	-8.680	0.628	1.634	3.738	 ]	score: 539.337	 	
4-	[	0.393	-8.215	-7.206	5.592	1.445	1.351	 ]	score: 544.534	 	
5-	[	0.393	-8.446	-6.740	5.592	1.319	1.005	 ]	score: 592.035	 	

Nodo 2
1-	[	0.590	-3.876	-4.422	6.032	1.979	6.252	 ]	score: 531.004	 	
2-	[	0.600	-5.047	-4.422	5.781	2.262	6.283	 ]	score: 534.597	 	
3-	[	0.756	-8.116	-8.809	0.628	1.665	3.738	 ]	score: 539.474	 	
4-	[	0.025	-5.857	-4.888	3.581	1.508	0.000	 ]	score: 581.760	 	
5-	[	1.985	-3.636	-4.422	2.670	1.382	0.063	 ]	score: 612.216	 	

Nodo 3
1-	[	1.583	-7.863	-7.857	0.503	1.665	3.738	 ]	score: 541.384	 	
2-	[	1.059	-7.537	-6.391	0.628	1.445	3.738	 ]	score: 571.353	 	
3-	[	-0.112	-4.011	-5.007	1.602	2.325	6.252	 ]	score: 677.838	 	
4-	[	2.115	-8.102	-8.207	4.430	1.665	3.738	 ]	score: 826.705	 	
5-	[	2.781	-8.924	-7.369	0.628	1.665	0.314	 ]	score: 988.067	 	

Nodo 4
1-	[	0.229	-7.984	-6.105	3.330	1.319	0.188	 ]	score: 945.506	 	
2-	[	1.913	-3.572	-3.930	2.388	1.414	0.628	 ]	score: 949.886	 	
3-	[	0.393	-8.446	-5.839	3.896	0.785	0.126	 ]	score: 1003.538	 	
4-	[	1.290	-6.221	-8.595	3.456	1.068	5.121	 ]	score: 1538.293	 	
5-	[	-1.356	-3.230	-6.465	5.466	0.597	0.628	 ]	score: 1543.949	 	

Nodo 5
1-	[	0.590	-3.994	-4.422	4.084	0.220	6.283	 ]	score: 530.171	 	
2-	[	-0.012	-7.213	-6.556	5.561	1.414	1.037	 ]	score: 543.379	 	
3-	[	0.662	-5.524	-4.898	2.702	1.445	0.754	 ]	score: 551.073	 	
4-	[	3.704	-8.446	-8.674	5.529	0.000	2.765	 ]	score: 590.515	 	
5-	[	1.514	-4.823	-5.118	5.561	0.817	5.969	 ]	score: 595.928	 	

Nodo 6
1-	[	0.229	-6.979	-8.133	5.843	1.477	1.100	 ]	score: 540.721	 	
2-	[	1.125	-3.779	-3.650	0.754	1.916	0.063	 ]	score: 563.139	 	
3-	[	-0.043	-6.149	-5.144	1.539	2.199	0.063	 ]	score: 586.044	 	
4-	[	0.157	-6.398	-5.668	5.843	1.571	0.063	 ]	score: 637.401	 	
5-	[	1.637	-8.601	-5.861	1.822	2.356	0.848	 ]	score: 813.466	 	

Nodo 7
1-	[	0.159	-5.208	-4.422	0.817	2.325	6.158	 ]	score: 573.004	 	
2-	[	2.071	-8.472	-6.380	1.759	2.073	1.162	 ]	score: 608.442	 	
3-	[	4.041	-8.538	-7.829	4.084	0.785	5.435	 ]	score: 824.697	 	
4-	[	3.081	-8.588	-5.701	3.142	0.660	4.273	 ]	score: 828.045	 	
5-	[	2.795	-4.644	-2.010	2.953	1.728	1.068	 ]	score: 1153.783	 	

Nodo 8
1-	[	3.226	-8.104	-7.558	3.770	1.854	2.670	 ]	score: 549.218	 	
2-	[	2.828	-8.549	-8.375	3.707	3.079	3.362	 ]	score: 588.241	 	
3-	[	2.828	-8.268	-7.934	6.000	3.079	3.362	 ]	score: 655.060	 	
4-	[	-0.444	-5.254	-5.667	2.231	1.037	0.094	 ]	score: 723.535	 	
5-	[	1.922	-5.956	-7.697	4.053	1.885	2.513	 ]	score: 751.879	 	

Nodo 9
1-	[	0.515	-4.365	-4.624	1.728	2.168	0.094	 ]	score: 534.978	 	
2-	[	0.590	-3.989	-4.782	5.655	3.142	6.252	 ]	score: 535.024	 	
3-	[	0.590	-3.876	-4.422	2.545	1.728	0.251	 ]	score: 536.692	 	
4-	[	0.759	-3.797	-5.083	4.115	0.880	0.031	 ]	score: 541.806	 	
5-	[	-0.115	-5.976	-7.057	2.450	1.539	4.273	 ]	score: 555.819	 	

Nodo 10
1-	[	2.082	-8.707	-8.321	0.628	1.634	3.644	 ]	score: 542.253	 	
2-	[	0.475	-4.455	-4.112	5.812	1.539	0.126	 ]	score: 545.398	 	
3-	[	1.020	-7.199	-7.696	3.016	1.539	5.749	 ]	score: 622.810	 	
4-	[	1.007	-6.501	-5.808	0.094	2.890	0.220	 ]	score: 686.026	 	
5-	[	1.583	-4.568	-3.713	5.592	1.948	0.220	 ]	score: 686.532	 	

Nodo 11
1-	[	1.584	-6.538	-8.133	0.157	1.728	0.817	 ]	score: 582.500	 	
2-	[	-0.313	-8.250	-7.819	5.875	1.948	0.817	 ]	score: 604.339	 	
3-	[	1.881	-8.181	-8.663	0.660	0.251	3.738	 ]	score: 605.499	 	
4-	[	0.325	-7.863	-7.585	6.283	2.011	0.723	 ]	score: 681.775	 	
5-	[	1.695	-8.681	-8.685	3.204	1.037	5.278	 ]	score: 686.706	 	

Nodo 12
1-	[	2.452	-8.872	-8.478	0.597	1.319	3.738	 ]	score: 543.422	 	
2-	[	3.335	-7.965	-8.133	0.628	1.194	3.738	 ]	score: 563.970	 	
3-	[	0.431	-8.495	-8.133	0.377	1.665	3.738	 ]	score: 593.183	 	
4-	[	3.880	-8.612	-8.942	0.503	1.005	3.738	 ]	score: 611.926	 	
5-	[	1.424	-8.721	-7.700	0.628	1.445	3.519	 ]	score: 617.882	 	
