Molecule Name: 1BV9
Test Pdb: 1BV9_Rigid_RMSD_0.000.pdb
Pocket: 5
Generations: 1
Time to Stop: 0
Space Size: 5
Point: ( -8.0 , 16.6 , 24.6 )
Local Search: False
Rotate Atoms: []

- Best Score: 5134.89667238
- Reach Best Score: 1
- RMSD: 0.895450592041
- Timer: 0:00:01.723302


* Init Population
**************************************************************************
Nodo 0
1-	[	4.193	-0.453	0.450	1.257	3.142	1.037	 ]	score: 10269.523	 	
2-	[	None ]
3-	[	None ]
4-	[	None ]
5-	[	None ]

Nodo 1
1-	[	0.615	-5.246	-0.834	3.299	1.759	4.555	 ]	score: 10284.015	 	
2-	[	None ]
3-	[	None ]
4-	[	None ]
5-	[	None ]

Nodo 2
1-	[	0.425	-8.140	-4.858	3.362	2.545	3.079	 ]	score: 11909.804	 	
2-	[	None ]
3-	[	None ]
4-	[	None ]
5-	[	None ]

Nodo 3
1-	[	6.947	-8.439	-1.737	2.576	2.890	3.864	 ]	score: 11504.676	 	
2-	[	None ]
3-	[	None ]
4-	[	None ]
5-	[	None ]

Nodo 4
1-	[	3.015	-8.250	-2.690	1.005	0.031	1.602	 ]	score: 16842.952	 	
2-	[	None ]
3-	[	None ]
4-	[	None ]
5-	[	None ]

Nodo 5
1-	[	-0.207	-0.077	1.536	5.592	0.346	3.142	 ]	score: 17128.878	 	
2-	[	None ]
3-	[	None ]
4-	[	None ]
5-	[	None ]

Nodo 6
1-	[	3.359	-8.033	-6.754	1.728	2.293	5.938	 ]	score: 11242.918	 	
2-	[	None ]
3-	[	None ]
4-	[	None ]
5-	[	None ]

Nodo 7
1-	[	1.085	-8.694	-2.047	5.843	0.251	0.754	 ]	score: 10681.412	 	
2-	[	None ]
3-	[	None ]
4-	[	None ]
5-	[	None ]

Nodo 8
1-	[	-0.547	-8.606	-2.037	4.587	2.859	0.597	 ]	score: 12425.289	 	
2-	[	None ]
3-	[	None ]
4-	[	None ]
5-	[	None ]

Nodo 9
1-	[	4.615	-3.279	-3.078	2.419	0.471	0.880	 ]	score: 5134.897	 	
2-	[	None ]
3-	[	None ]
4-	[	None ]
5-	[	None ]

Nodo 10
1-	[	3.356	-2.444	-4.452	3.204	0.723	3.362	 ]	score: 5592.885	 	
2-	[	None ]
3-	[	None ]
4-	[	None ]
5-	[	None ]

Nodo 11
1-	[	6.787	-7.343	-6.133	0.723	2.796	3.173	 ]	score: 11668.456	 	
2-	[	None ]
3-	[	None ]
4-	[	None ]
5-	[	None ]

Nodo 12
1-	[	6.405	-8.070	-5.076	2.482	2.136	4.838	 ]	score: 10567.828	 	
2-	[	None ]
3-	[	None ]
4-	[	None ]
5-	[	None ]

* Generation 1
**************************************************************************
Nodo 0
1-	[	4.615	-3.279	-3.078	2.419	0.471	0.880	 ]	score: 5134.897	 	
2-	[	4.193	-0.453	0.450	1.257	3.142	1.037	 ]	score: 10269.523	 	
3-	[	None ]
4-	[	None ]
5-	[	None ]

Nodo 1
1-	[	4.193	-5.246	-0.834	6.283	3.142	1.037	 ]	score: 8468.264	 	
2-	[	0.615	-5.246	-0.834	3.299	1.759	4.555	 ]	score: 10284.015	 	
3-	[	None ]
4-	[	None ]
5-	[	None ]

Nodo 2
1-	[	4.193	-0.453	0.450	1.257	3.142	1.037	 ]	score: 10269.523	 	
2-	[	0.425	-8.140	-4.858	3.362	2.545	3.079	 ]	score: 11909.804	 	
3-	[	None ]
4-	[	None ]
5-	[	None ]

Nodo 3
1-	[	3.356	-2.444	-4.452	3.204	0.723	3.362	 ]	score: 5592.885	 	
2-	[	4.193	-0.453	-1.737	2.576	2.890	1.037	 ]	score: 11920.216	 	
3-	[	None ]
4-	[	None ]
5-	[	None ]

Nodo 4
1-	[	3.015	-5.246	-0.834	3.299	0.031	4.555	 ]	score: 10168.098	 	
2-	[	3.015	-8.250	-2.690	1.005	0.031	1.602	 ]	score: 16842.952	 	
3-	[	None ]
4-	[	None ]
5-	[	None ]

Nodo 5
1-	[	-0.207	-0.077	1.536	5.592	1.759	4.555	 ]	score: 16197.789	 	
2-	[	-0.207	-0.077	1.536	5.592	0.346	3.142	 ]	score: 17128.878	 	
3-	[	None ]
4-	[	None ]
5-	[	None ]

Nodo 6
1-	[	3.359	-8.033	-6.754	1.728	2.293	5.938	 ]	score: 11242.918	 	
2-	[	3.359	-8.033	-6.754	4.775	1.759	5.938	 ]	score: 16046.157	 	
3-	[	None ]
4-	[	None ]
5-	[	None ]

Nodo 7
1-	[	1.085	-8.694	-2.047	5.843	0.251	0.754	 ]	score: 10681.412	 	
2-	[	3.490	-8.140	-4.858	0.565	2.545	0.754	 ]	score: 15593.077	 	
3-	[	None ]
4-	[	None ]
5-	[	None ]

Nodo 8
1-	[	-0.547	-8.606	-2.037	4.587	2.859	0.597	 ]	score: 12425.289	 	
2-	[	-0.547	-8.606	-4.858	3.362	2.859	3.079	 ]	score: 13275.145	 	
3-	[	None ]
4-	[	None ]
5-	[	None ]

Nodo 9
1-	[	4.615	-3.279	-3.078	2.419	0.471	0.880	 ]	score: 5134.897	 	
2-	[	0.425	-8.140	-4.858	1.257	3.142	3.079	 ]	score: 11832.411	 	
3-	[	None ]
4-	[	None ]
5-	[	None ]

Nodo 10
1-	[	6.947	-8.439	-1.737	2.576	2.890	3.864	 ]	score: 11504.676	 	
2-	[	3.356	-8.439	-4.452	0.660	2.890	3.362	 ]	score: 20182.004	 	
3-	[	None ]
4-	[	None ]
5-	[	None ]

Nodo 11
1-	[	6.947	-7.343	-1.737	2.576	0.911	3.173	 ]	score: 9815.435	 	
2-	[	6.787	-7.343	-6.133	0.723	2.796	3.173	 ]	score: 11668.456	 	
3-	[	None ]
4-	[	None ]
5-	[	None ]

Nodo 12
1-	[	3.289	-8.439	-1.737	2.576	2.136	4.838	 ]	score: 8947.748	 	
2-	[	6.405	-8.070	-5.076	2.482	2.136	4.838	 ]	score: 10567.828	 	
3-	[	None ]
4-	[	None ]
5-	[	None ]
